#
# There is insufficient memory for the Java Runtime Environment to continue.
# Native memory allocation (malloc) failed to allocate 379136 bytes for Chunk::new
# Possible reasons:
#   The system is out of physical RAM or swap space
#   The process is running with CompressedOops enabled, and the Java Heap may be blocking the growth of the native heap
# Possible solutions:
#   Reduce memory load on the system
#   Increase physical memory or swap space
#   Check if swap backing store is full
#   Decrease Java heap size (-Xmx/-Xms)
#   Decrease number of Java threads
#   Decrease Java thread stack sizes (-Xss)
#   Set larger code cache with -XX:ReservedCodeCacheSize=
#   JVM is running with Unscaled Compressed Oops mode in which the Java heap is
#     placed in the first 4GB address space. The Java Heap base address is the
#     maximum limit for the native heap growth. Please use -XX:HeapBaseMinAddress
#     to set the Java Heap base and to place the Java Heap above 4GB virtual address.
# This output file may be truncated or incomplete.
#
#  Out of Memory Error (./src/hotspot/share/memory/arena.cpp:197), pid=20640, tid=15612
#
# JRE version: OpenJDK Runtime Environment Temurin-11.0.13+8 (11.0.13+8) (build 11.0.13+8)
# Java VM: OpenJDK 64-Bit Server VM Temurin-11.0.13+8 (11.0.13+8, mixed mode, tiered, compressed oops, g1 gc, windows-amd64)
# No core dump will be written. Minidumps are not enabled by default on client versions of Windows
#

---------------  S U M M A R Y ------------

Command Line: com.misiontic.primernombre_primerapellido.clases.Ejecucion

Host: Intel(R) Core(TM) i5 CPU       M 450  @ 2.40GHz, 4 cores, 7G,  Windows 10 , 64 bit Build 19041 (10.0.19041.1741)
Time: Sat Jun 25 15:51:32 2022 Hora est. Pacífico, Sudamérica elapsed time: 1.389183 seconds (0d 0h 0m 1s)

---------------  T H R E A D  ---------------

Current thread (0x00000236ff7be800):  JavaThread "C2 CompilerThread0" daemon [_thread_in_native, id=15612, stack(0x0000003830600000,0x0000003830700000)]


Current CompileTask:
C2:   1389  465       4       jdk.internal.org.objectweb.asm.Frame::execute (2264 bytes)

Stack: [0x0000003830600000,0x0000003830700000]
Native frames: (J=compiled Java code, j=interpreted, Vv=VM code, C=native code)
V  [jvm.dll+0x61cc7a]
V  [jvm.dll+0x7a8fd9]
V  [jvm.dll+0x7aa69f]
V  [jvm.dll+0x7aad73]
V  [jvm.dll+0x24f808]
V  [jvm.dll+0xc260c]
V  [jvm.dll+0xc2bcc]
V  [jvm.dll+0x2c1644]
V  [jvm.dll+0x52beb9]
V  [jvm.dll+0x20a0ae]
V  [jvm.dll+0x207a5b]
V  [jvm.dll+0x18a011]
V  [jvm.dll+0x217599]
V  [jvm.dll+0x21578b]
V  [jvm.dll+0x76ba50]
V  [jvm.dll+0x7649d4]
V  [jvm.dll+0x61bb16]
C  [ucrtbase.dll+0x21bb2]
C  [KERNEL32.DLL+0x17034]
C  [ntdll.dll+0x52651]


---------------  P R O C E S S  ---------------

Threads class SMR info:
_java_thread_list=0x00000236934b1070, length=13, elements={
0x00000236f4072800, 0x00000236ff7ae000, 0x00000236ff7af000, 0x00000236930a3800,
0x00000236ff7b9800, 0x00000236ff7bb800, 0x00000236ff7be800, 0x00000236ff7c2000,
0x00000236ff7d6000, 0x00000236931fa800, 0x00000236934dc000, 0x00000236934cd800,
0x00000236934d0000
}

Java Threads: ( => current thread )
  0x00000236f4072800 JavaThread "main" [_thread_in_vm, id=3868, stack(0x000000382fa00000,0x000000382fb00000)]
  0x00000236ff7ae000 JavaThread "Reference Handler" daemon [_thread_blocked, id=4364, stack(0x0000003830100000,0x0000003830200000)]
  0x00000236ff7af000 JavaThread "Finalizer" daemon [_thread_blocked, id=124, stack(0x0000003830200000,0x0000003830300000)]
  0x00000236930a3800 JavaThread "Signal Dispatcher" daemon [_thread_blocked, id=10152, stack(0x0000003830300000,0x0000003830400000)]
  0x00000236ff7b9800 JavaThread "Attach Listener" daemon [_thread_blocked, id=24188, stack(0x0000003830400000,0x0000003830500000)]
  0x00000236ff7bb800 JavaThread "Service Thread" daemon [_thread_blocked, id=19068, stack(0x0000003830500000,0x0000003830600000)]
=>0x00000236ff7be800 JavaThread "C2 CompilerThread0" daemon [_thread_in_native, id=15612, stack(0x0000003830600000,0x0000003830700000)]
  0x00000236ff7c2000 JavaThread "C1 CompilerThread0" daemon [_thread_blocked, id=10924, stack(0x0000003830700000,0x0000003830800000)]
  0x00000236ff7d6000 JavaThread "Sweeper thread" daemon [_thread_blocked, id=7476, stack(0x0000003830800000,0x0000003830900000)]
  0x00000236931fa800 JavaThread "Common-Cleaner" daemon [_thread_blocked, id=8400, stack(0x0000003830a00000,0x0000003830b00000)]
  0x00000236934dc000 JavaThread "Java2D Disposer" daemon [_thread_blocked, id=24080, stack(0x0000003830d00000,0x0000003830e00000)]
  0x00000236934cd800 JavaThread "AWT-Shutdown" [_thread_blocked, id=14884, stack(0x0000003830e00000,0x0000003830f00000)]
  0x00000236934d0000 JavaThread "AWT-Windows" daemon [_thread_in_native, id=15732, stack(0x0000003830f00000,0x0000003831000000)]

Other Threads:
  0x00000236ff774800 VMThread "VM Thread" [stack: 0x0000003830000000,0x0000003830100000] [id=1808]
  0x00000236931f1800 WatcherThread [stack: 0x0000003830900000,0x0000003830a00000] [id=17852]
  0x00000236f408c800 GCTaskThread "GC Thread#0" [stack: 0x000000382fb00000,0x000000382fc00000] [id=16640]
  0x000002369345c800 GCTaskThread "GC Thread#1" [stack: 0x0000003830b00000,0x0000003830c00000] [id=9848]
  0x000002369345d000 GCTaskThread "GC Thread#2" [stack: 0x0000003830c00000,0x0000003830d00000] [id=18248]
  0x00000236f40bb000 ConcurrentGCThread "G1 Main Marker" [stack: 0x000000382fc00000,0x000000382fd00000] [id=21716]
  0x00000236f40bc800 ConcurrentGCThread "G1 Conc#0" [stack: 0x000000382fd00000,0x000000382fe00000] [id=2260]
  0x00000236f414c000 ConcurrentGCThread "G1 Refine#0" [stack: 0x000000382fe00000,0x000000382ff00000] [id=22080]
  0x00000236f414e800 ConcurrentGCThread "G1 Young RemSet Sampling" [stack: 0x000000382ff00000,0x0000003830000000] [id=20204]

Threads with active compile tasks:
C2 CompilerThread0   1506  465       4       jdk.internal.org.objectweb.asm.Frame::execute (2264 bytes)

VM state:not at safepoint (normal execution)

VM Mutex/Monitor currently owned by a thread: None

Heap address: 0x0000000083200000, size: 1998 MB, Compressed Oops mode: 32-bit
Narrow klass base: 0x0000000000000000, Narrow klass shift: 3
Compressed class space size: 1073741824 Address: 0x0000000100000000

Heap:
 garbage-first heap   total 129024K, used 2101K [0x0000000083200000, 0x0000000100000000)
  region size 1024K, 4 young (4096K), 2 survivors (2048K)
 Metaspace       used 8327K, capacity 8514K, committed 8576K, reserved 1062912K
  class space    used 763K, capacity 843K, committed 896K, reserved 1048576K
Heap Regions: E=young(eden), S=young(survivor), O=old, HS=humongous(starts), HC=humongous(continues), CS=collection set, F=free, A=archive, TAMS=top-at-mark-start (previous, next)
|   0|0x0000000083200000, 0x0000000083200000, 0x0000000083300000|  0%| F|  |TAMS 0x0000000083200000, 0x0000000083200000| Untracked 
|   1|0x0000000083300000, 0x0000000083300000, 0x0000000083400000|  0%| F|  |TAMS 0x0000000083300000, 0x0000000083300000| Untracked 
|   2|0x0000000083400000, 0x0000000083400000, 0x0000000083500000|  0%| F|  |TAMS 0x0000000083400000, 0x0000000083400000| Untracked 
|   3|0x0000000083500000, 0x0000000083500000, 0x0000000083600000|  0%| F|  |TAMS 0x0000000083500000, 0x0000000083500000| Untracked 
|   4|0x0000000083600000, 0x0000000083600000, 0x0000000083700000|  0%| F|  |TAMS 0x0000000083600000, 0x0000000083600000| Untracked 
|   5|0x0000000083700000, 0x0000000083700000, 0x0000000083800000|  0%| F|  |TAMS 0x0000000083700000, 0x0000000083700000| Untracked 
|   6|0x0000000083800000, 0x0000000083800000, 0x0000000083900000|  0%| F|  |TAMS 0x0000000083800000, 0x0000000083800000| Untracked 
|   7|0x0000000083900000, 0x0000000083900000, 0x0000000083a00000|  0%| F|  |TAMS 0x0000000083900000, 0x0000000083900000| Untracked 
|   8|0x0000000083a00000, 0x0000000083a00000, 0x0000000083b00000|  0%| F|  |TAMS 0x0000000083a00000, 0x0000000083a00000| Untracked 
|   9|0x0000000083b00000, 0x0000000083b00000, 0x0000000083c00000|  0%| F|  |TAMS 0x0000000083b00000, 0x0000000083b00000| Untracked 
|  10|0x0000000083c00000, 0x0000000083c00000, 0x0000000083d00000|  0%| F|  |TAMS 0x0000000083c00000, 0x0000000083c00000| Untracked 
|  11|0x0000000083d00000, 0x0000000083d00000, 0x0000000083e00000|  0%| F|  |TAMS 0x0000000083d00000, 0x0000000083d00000| Untracked 
|  12|0x0000000083e00000, 0x0000000083e00000, 0x0000000083f00000|  0%| F|  |TAMS 0x0000000083e00000, 0x0000000083e00000| Untracked 
|  13|0x0000000083f00000, 0x0000000083f00000, 0x0000000084000000|  0%| F|  |TAMS 0x0000000083f00000, 0x0000000083f00000| Untracked 
|  14|0x0000000084000000, 0x0000000084000000, 0x0000000084100000|  0%| F|  |TAMS 0x0000000084000000, 0x0000000084000000| Untracked 
|  15|0x0000000084100000, 0x0000000084100000, 0x0000000084200000|  0%| F|  |TAMS 0x0000000084100000, 0x0000000084100000| Untracked 
|  16|0x0000000084200000, 0x0000000084200000, 0x0000000084300000|  0%| F|  |TAMS 0x0000000084200000, 0x0000000084200000| Untracked 
|  17|0x0000000084300000, 0x0000000084300000, 0x0000000084400000|  0%| F|  |TAMS 0x0000000084300000, 0x0000000084300000| Untracked 
|  18|0x0000000084400000, 0x0000000084400000, 0x0000000084500000|  0%| F|  |TAMS 0x0000000084400000, 0x0000000084400000| Untracked 
|  19|0x0000000084500000, 0x0000000084500000, 0x0000000084600000|  0%| F|  |TAMS 0x0000000084500000, 0x0000000084500000| Untracked 
|  20|0x0000000084600000, 0x0000000084600000, 0x0000000084700000|  0%| F|  |TAMS 0x0000000084600000, 0x0000000084600000| Untracked 
|  21|0x0000000084700000, 0x0000000084700000, 0x0000000084800000|  0%| F|  |TAMS 0x0000000084700000, 0x0000000084700000| Untracked 
|  22|0x0000000084800000, 0x0000000084800000, 0x0000000084900000|  0%| F|  |TAMS 0x0000000084800000, 0x0000000084800000| Untracked 
|  23|0x0000000084900000, 0x0000000084900000, 0x0000000084a00000|  0%| F|  |TAMS 0x0000000084900000, 0x0000000084900000| Untracked 
|  24|0x0000000084a00000, 0x0000000084a00000, 0x0000000084b00000|  0%| F|  |TAMS 0x0000000084a00000, 0x0000000084a00000| Untracked 
|  25|0x0000000084b00000, 0x0000000084b00000, 0x0000000084c00000|  0%| F|  |TAMS 0x0000000084b00000, 0x0000000084b00000| Untracked 
|  26|0x0000000084c00000, 0x0000000084c00000, 0x0000000084d00000|  0%| F|  |TAMS 0x0000000084c00000, 0x0000000084c00000| Untracked 
|  27|0x0000000084d00000, 0x0000000084d00000, 0x0000000084e00000|  0%| F|  |TAMS 0x0000000084d00000, 0x0000000084d00000| Untracked 
|  28|0x0000000084e00000, 0x0000000084e00000, 0x0000000084f00000|  0%| F|  |TAMS 0x0000000084e00000, 0x0000000084e00000| Untracked 
|  29|0x0000000084f00000, 0x0000000084f00000, 0x0000000085000000|  0%| F|  |TAMS 0x0000000084f00000, 0x0000000084f00000| Untracked 
|  30|0x0000000085000000, 0x0000000085000000, 0x0000000085100000|  0%| F|  |TAMS 0x0000000085000000, 0x0000000085000000| Untracked 
|  31|0x0000000085100000, 0x0000000085100000, 0x0000000085200000|  0%| F|  |TAMS 0x0000000085100000, 0x0000000085100000| Untracked 
|  32|0x0000000085200000, 0x0000000085200000, 0x0000000085300000|  0%| F|  |TAMS 0x0000000085200000, 0x0000000085200000| Untracked 
|  33|0x0000000085300000, 0x0000000085300000, 0x0000000085400000|  0%| F|  |TAMS 0x0000000085300000, 0x0000000085300000| Untracked 
|  34|0x0000000085400000, 0x0000000085400000, 0x0000000085500000|  0%| F|  |TAMS 0x0000000085400000, 0x0000000085400000| Untracked 
|  35|0x0000000085500000, 0x0000000085500000, 0x0000000085600000|  0%| F|  |TAMS 0x0000000085500000, 0x0000000085500000| Untracked 
|  36|0x0000000085600000, 0x0000000085600000, 0x0000000085700000|  0%| F|  |TAMS 0x0000000085600000, 0x0000000085600000| Untracked 
|  37|0x0000000085700000, 0x0000000085700000, 0x0000000085800000|  0%| F|  |TAMS 0x0000000085700000, 0x0000000085700000| Untracked 
|  38|0x0000000085800000, 0x0000000085800000, 0x0000000085900000|  0%| F|  |TAMS 0x0000000085800000, 0x0000000085800000| Untracked 
|  39|0x0000000085900000, 0x0000000085900000, 0x0000000085a00000|  0%| F|  |TAMS 0x0000000085900000, 0x0000000085900000| Untracked 
|  40|0x0000000085a00000, 0x0000000085a00000, 0x0000000085b00000|  0%| F|  |TAMS 0x0000000085a00000, 0x0000000085a00000| Untracked 
|  41|0x0000000085b00000, 0x0000000085b00000, 0x0000000085c00000|  0%| F|  |TAMS 0x0000000085b00000, 0x0000000085b00000| Untracked 
|  42|0x0000000085c00000, 0x0000000085c00000, 0x0000000085d00000|  0%| F|  |TAMS 0x0000000085c00000, 0x0000000085c00000| Untracked 
|  43|0x0000000085d00000, 0x0000000085d00000, 0x0000000085e00000|  0%| F|  |TAMS 0x0000000085d00000, 0x0000000085d00000| Untracked 
|  44|0x0000000085e00000, 0x0000000085e00000, 0x0000000085f00000|  0%| F|  |TAMS 0x0000000085e00000, 0x0000000085e00000| Untracked 
|  45|0x0000000085f00000, 0x0000000085f00000, 0x0000000086000000|  0%| F|  |TAMS 0x0000000085f00000, 0x0000000085f00000| Untracked 
|  46|0x0000000086000000, 0x0000000086000000, 0x0000000086100000|  0%| F|  |TAMS 0x0000000086000000, 0x0000000086000000| Untracked 
|  47|0x0000000086100000, 0x0000000086100000, 0x0000000086200000|  0%| F|  |TAMS 0x0000000086100000, 0x0000000086100000| Untracked 
|  48|0x0000000086200000, 0x0000000086200000, 0x0000000086300000|  0%| F|  |TAMS 0x0000000086200000, 0x0000000086200000| Untracked 
|  49|0x0000000086300000, 0x0000000086300000, 0x0000000086400000|  0%| F|  |TAMS 0x0000000086300000, 0x0000000086300000| Untracked 
|  50|0x0000000086400000, 0x0000000086400000, 0x0000000086500000|  0%| F|  |TAMS 0x0000000086400000, 0x0000000086400000| Untracked 
|  51|0x0000000086500000, 0x0000000086500000, 0x0000000086600000|  0%| F|  |TAMS 0x0000000086500000, 0x0000000086500000| Untracked 
|  52|0x0000000086600000, 0x0000000086600000, 0x0000000086700000|  0%| F|  |TAMS 0x0000000086600000, 0x0000000086600000| Untracked 
|  53|0x0000000086700000, 0x0000000086700000, 0x0000000086800000|  0%| F|  |TAMS 0x0000000086700000, 0x0000000086700000| Untracked 
|  54|0x0000000086800000, 0x0000000086800000, 0x0000000086900000|  0%| F|  |TAMS 0x0000000086800000, 0x0000000086800000| Untracked 
|  55|0x0000000086900000, 0x0000000086900000, 0x0000000086a00000|  0%| F|  |TAMS 0x0000000086900000, 0x0000000086900000| Untracked 
|  56|0x0000000086a00000, 0x0000000086a00000, 0x0000000086b00000|  0%| F|  |TAMS 0x0000000086a00000, 0x0000000086a00000| Untracked 
|  57|0x0000000086b00000, 0x0000000086b00000, 0x0000000086c00000|  0%| F|  |TAMS 0x0000000086b00000, 0x0000000086b00000| Untracked 
|  58|0x0000000086c00000, 0x0000000086c00000, 0x0000000086d00000|  0%| F|  |TAMS 0x0000000086c00000, 0x0000000086c00000| Untracked 
|  59|0x0000000086d00000, 0x0000000086d00000, 0x0000000086e00000|  0%| F|  |TAMS 0x0000000086d00000, 0x0000000086d00000| Untracked 
|  60|0x0000000086e00000, 0x0000000086e00000, 0x0000000086f00000|  0%| F|  |TAMS 0x0000000086e00000, 0x0000000086e00000| Untracked 
|  61|0x0000000086f00000, 0x0000000086f00000, 0x0000000087000000|  0%| F|  |TAMS 0x0000000086f00000, 0x0000000086f00000| Untracked 
|  62|0x0000000087000000, 0x0000000087000000, 0x0000000087100000|  0%| F|  |TAMS 0x0000000087000000, 0x0000000087000000| Untracked 
|  63|0x0000000087100000, 0x0000000087100000, 0x0000000087200000|  0%| F|  |TAMS 0x0000000087100000, 0x0000000087100000| Untracked 
|  64|0x0000000087200000, 0x0000000087200000, 0x0000000087300000|  0%| F|  |TAMS 0x0000000087200000, 0x0000000087200000| Untracked 
|  65|0x0000000087300000, 0x0000000087300000, 0x0000000087400000|  0%| F|  |TAMS 0x0000000087300000, 0x0000000087300000| Untracked 
|  66|0x0000000087400000, 0x0000000087400000, 0x0000000087500000|  0%| F|  |TAMS 0x0000000087400000, 0x0000000087400000| Untracked 
|  67|0x0000000087500000, 0x0000000087500000, 0x0000000087600000|  0%| F|  |TAMS 0x0000000087500000, 0x0000000087500000| Untracked 
|  68|0x0000000087600000, 0x0000000087600000, 0x0000000087700000|  0%| F|  |TAMS 0x0000000087600000, 0x0000000087600000| Untracked 
|  69|0x0000000087700000, 0x0000000087700000, 0x0000000087800000|  0%| F|  |TAMS 0x0000000087700000, 0x0000000087700000| Untracked 
|  70|0x0000000087800000, 0x0000000087800000, 0x0000000087900000|  0%| F|  |TAMS 0x0000000087800000, 0x0000000087800000| Untracked 
|  71|0x0000000087900000, 0x0000000087900000, 0x0000000087a00000|  0%| F|  |TAMS 0x0000000087900000, 0x0000000087900000| Untracked 
|  72|0x0000000087a00000, 0x0000000087a00000, 0x0000000087b00000|  0%| F|  |TAMS 0x0000000087a00000, 0x0000000087a00000| Untracked 
|  73|0x0000000087b00000, 0x0000000087b00000, 0x0000000087c00000|  0%| F|  |TAMS 0x0000000087b00000, 0x0000000087b00000| Untracked 
|  74|0x0000000087c00000, 0x0000000087c00000, 0x0000000087d00000|  0%| F|  |TAMS 0x0000000087c00000, 0x0000000087c00000| Untracked 
|  75|0x0000000087d00000, 0x0000000087d00000, 0x0000000087e00000|  0%| F|  |TAMS 0x0000000087d00000, 0x0000000087d00000| Untracked 
|  76|0x0000000087e00000, 0x0000000087e00000, 0x0000000087f00000|  0%| F|  |TAMS 0x0000000087e00000, 0x0000000087e00000| Untracked 
|  77|0x0000000087f00000, 0x0000000087f00000, 0x0000000088000000|  0%| F|  |TAMS 0x0000000087f00000, 0x0000000087f00000| Untracked 
|  78|0x0000000088000000, 0x0000000088000000, 0x0000000088100000|  0%| F|  |TAMS 0x0000000088000000, 0x0000000088000000| Untracked 
|  79|0x0000000088100000, 0x0000000088100000, 0x0000000088200000|  0%| F|  |TAMS 0x0000000088100000, 0x0000000088100000| Untracked 
|  80|0x0000000088200000, 0x0000000088200000, 0x0000000088300000|  0%| F|  |TAMS 0x0000000088200000, 0x0000000088200000| Untracked 
|  81|0x0000000088300000, 0x0000000088300000, 0x0000000088400000|  0%| F|  |TAMS 0x0000000088300000, 0x0000000088300000| Untracked 
|  82|0x0000000088400000, 0x0000000088400000, 0x0000000088500000|  0%| F|  |TAMS 0x0000000088400000, 0x0000000088400000| Untracked 
|  83|0x0000000088500000, 0x0000000088500000, 0x0000000088600000|  0%| F|  |TAMS 0x0000000088500000, 0x0000000088500000| Untracked 
|  84|0x0000000088600000, 0x0000000088600000, 0x0000000088700000|  0%| F|  |TAMS 0x0000000088600000, 0x0000000088600000| Untracked 
|  85|0x0000000088700000, 0x0000000088700000, 0x0000000088800000|  0%| F|  |TAMS 0x0000000088700000, 0x0000000088700000| Untracked 
|  86|0x0000000088800000, 0x0000000088800000, 0x0000000088900000|  0%| F|  |TAMS 0x0000000088800000, 0x0000000088800000| Untracked 
|  87|0x0000000088900000, 0x0000000088900000, 0x0000000088a00000|  0%| F|  |TAMS 0x0000000088900000, 0x0000000088900000| Untracked 
|  88|0x0000000088a00000, 0x0000000088a00000, 0x0000000088b00000|  0%| F|  |TAMS 0x0000000088a00000, 0x0000000088a00000| Untracked 
|  89|0x0000000088b00000, 0x0000000088b00000, 0x0000000088c00000|  0%| F|  |TAMS 0x0000000088b00000, 0x0000000088b00000| Untracked 
|  90|0x0000000088c00000, 0x0000000088c00000, 0x0000000088d00000|  0%| F|  |TAMS 0x0000000088c00000, 0x0000000088c00000| Untracked 
|  91|0x0000000088d00000, 0x0000000088d00000, 0x0000000088e00000|  0%| F|  |TAMS 0x0000000088d00000, 0x0000000088d00000| Untracked 
|  92|0x0000000088e00000, 0x0000000088e00000, 0x0000000088f00000|  0%| F|  |TAMS 0x0000000088e00000, 0x0000000088e00000| Untracked 
|  93|0x0000000088f00000, 0x0000000088f00000, 0x0000000089000000|  0%| F|  |TAMS 0x0000000088f00000, 0x0000000088f00000| Untracked 
|  94|0x0000000089000000, 0x0000000089000000, 0x0000000089100000|  0%| F|  |TAMS 0x0000000089000000, 0x0000000089000000| Untracked 
|  95|0x0000000089100000, 0x0000000089100000, 0x0000000089200000|  0%| F|  |TAMS 0x0000000089100000, 0x0000000089100000| Untracked 
|  96|0x0000000089200000, 0x0000000089200000, 0x0000000089300000|  0%| F|  |TAMS 0x0000000089200000, 0x0000000089200000| Untracked 
|  97|0x0000000089300000, 0x0000000089300000, 0x0000000089400000|  0%| F|  |TAMS 0x0000000089300000, 0x0000000089300000| Untracked 
|  98|0x0000000089400000, 0x0000000089400000, 0x0000000089500000|  0%| F|  |TAMS 0x0000000089400000, 0x0000000089400000| Untracked 
|  99|0x0000000089500000, 0x0000000089500000, 0x0000000089600000|  0%| F|  |TAMS 0x0000000089500000, 0x0000000089500000| Untracked 
| 100|0x0000000089600000, 0x0000000089600000, 0x0000000089700000|  0%| F|  |TAMS 0x0000000089600000, 0x0000000089600000| Untracked 
| 101|0x0000000089700000, 0x0000000089700000, 0x0000000089800000|  0%| F|  |TAMS 0x0000000089700000, 0x0000000089700000| Untracked 
| 102|0x0000000089800000, 0x0000000089800000, 0x0000000089900000|  0%| F|  |TAMS 0x0000000089800000, 0x0000000089800000| Untracked 
| 103|0x0000000089900000, 0x0000000089900000, 0x0000000089a00000|  0%| F|  |TAMS 0x0000000089900000, 0x0000000089900000| Untracked 
| 104|0x0000000089a00000, 0x0000000089a00000, 0x0000000089b00000|  0%| F|  |TAMS 0x0000000089a00000, 0x0000000089a00000| Untracked 
| 105|0x0000000089b00000, 0x0000000089b00000, 0x0000000089c00000|  0%| F|  |TAMS 0x0000000089b00000, 0x0000000089b00000| Untracked 
| 106|0x0000000089c00000, 0x0000000089c00000, 0x0000000089d00000|  0%| F|  |TAMS 0x0000000089c00000, 0x0000000089c00000| Untracked 
| 107|0x0000000089d00000, 0x0000000089d00000, 0x0000000089e00000|  0%| F|  |TAMS 0x0000000089d00000, 0x0000000089d00000| Untracked 
| 108|0x0000000089e00000, 0x0000000089e00000, 0x0000000089f00000|  0%| F|  |TAMS 0x0000000089e00000, 0x0000000089e00000| Untracked 
| 109|0x0000000089f00000, 0x0000000089f00000, 0x000000008a000000|  0%| F|  |TAMS 0x0000000089f00000, 0x0000000089f00000| Untracked 
| 110|0x000000008a000000, 0x000000008a000000, 0x000000008a100000|  0%| F|  |TAMS 0x000000008a000000, 0x000000008a000000| Untracked 
| 111|0x000000008a100000, 0x000000008a100000, 0x000000008a200000|  0%| F|  |TAMS 0x000000008a100000, 0x000000008a100000| Untracked 
| 112|0x000000008a200000, 0x000000008a200000, 0x000000008a300000|  0%| F|  |TAMS 0x000000008a200000, 0x000000008a200000| Untracked 
| 113|0x000000008a300000, 0x000000008a300000, 0x000000008a400000|  0%| F|  |TAMS 0x000000008a300000, 0x000000008a300000| Untracked 
| 114|0x000000008a400000, 0x000000008a400000, 0x000000008a500000|  0%| F|  |TAMS 0x000000008a400000, 0x000000008a400000| Untracked 
| 115|0x000000008a500000, 0x000000008a500000, 0x000000008a600000|  0%| F|  |TAMS 0x000000008a500000, 0x000000008a500000| Untracked 
| 116|0x000000008a600000, 0x000000008a600000, 0x000000008a700000|  0%| F|  |TAMS 0x000000008a600000, 0x000000008a600000| Untracked 
| 117|0x000000008a700000, 0x000000008a700000, 0x000000008a800000|  0%| F|  |TAMS 0x000000008a700000, 0x000000008a700000| Untracked 
| 118|0x000000008a800000, 0x000000008a800000, 0x000000008a900000|  0%| F|  |TAMS 0x000000008a800000, 0x000000008a800000| Untracked 
| 119|0x000000008a900000, 0x000000008a900000, 0x000000008aa00000|  0%| F|  |TAMS 0x000000008a900000, 0x000000008a900000| Untracked 
| 120|0x000000008aa00000, 0x000000008aa0d548, 0x000000008ab00000|  5%| S|CS|TAMS 0x000000008aa00000, 0x000000008aa00000| Complete 
| 121|0x000000008ab00000, 0x000000008ac00000, 0x000000008ac00000|100%| S|CS|TAMS 0x000000008ab00000, 0x000000008ab00000| Complete 
| 122|0x000000008ac00000, 0x000000008ac00000, 0x000000008ad00000|  0%| F|  |TAMS 0x000000008ac00000, 0x000000008ac00000| Untracked 
| 123|0x000000008ad00000, 0x000000008ad00000, 0x000000008ae00000|  0%| F|  |TAMS 0x000000008ad00000, 0x000000008ad00000| Untracked 
| 124|0x000000008ae00000, 0x000000008af00000, 0x000000008af00000|100%| E|  |TAMS 0x000000008ae00000, 0x000000008ae00000| Complete 
| 125|0x000000008af00000, 0x000000008b000000, 0x000000008b000000|100%| E|CS|TAMS 0x000000008af00000, 0x000000008af00000| Complete 

Card table byte_map: [0x00000236fcb90000,0x00000236fcf80000] _byte_map_base: 0x00000236fc777000

Marking Bits (Prev, Next): (CMBitMap*) 0x00000236f40b2510, (CMBitMap*) 0x00000236f40b24d8
 Prev Bits: [0x000002368f000000, 0x0000023690f38000)
 Next Bits: [0x00000236fd370000, 0x00000236ff2a8000)

Polling page: 0x00000236f2080000

Metaspace:

Usage:
  Non-class:      7.49 MB capacity,     7.39 MB ( 99%) used,    89.47 KB (  1%) free+waste,    17.63 KB ( <1%) overhead. 
      Class:    843.00 KB capacity,   763.58 KB ( 91%) used,    70.36 KB (  8%) free+waste,     9.06 KB (  1%) overhead. 
       Both:      8.31 MB capacity,     8.13 MB ( 98%) used,   159.83 KB (  2%) free+waste,    26.69 KB ( <1%) overhead. 

Virtual space:
  Non-class space:       14.00 MB reserved,       7.50 MB ( 54%) committed 
      Class space:        1.00 GB reserved,     896.00 KB ( <1%) committed 
             Both:        1.01 GB reserved,       8.38 MB ( <1%) committed 

Chunk freelists:
   Non-Class:  9.00 KB
       Class:  0 bytes
        Both:  9.00 KB

MaxMetaspaceSize: 17179869184.00 GB
CompressedClassSpaceSize: 1.00 GB
Initial GC threshold: 20.80 MB
Current GC threshold: 21.12 MB
CDS: off

CodeHeap 'non-profiled nmethods': size=120064Kb used=155Kb max_used=155Kb free=119909Kb
 bounds [0x0000023687ac0000, 0x0000023687d30000, 0x000002368f000000]
CodeHeap 'profiled nmethods': size=120000Kb used=755Kb max_used=755Kb free=119244Kb
 bounds [0x0000023680590000, 0x0000023680800000, 0x0000023687ac0000]
CodeHeap 'non-nmethods': size=5696Kb used=1145Kb max_used=1149Kb free=4550Kb
 bounds [0x0000023680000000, 0x0000023680270000, 0x0000023680590000]
 total_blobs=896 nmethods=490 adapters=320
 compilation: enabled
              stopped_count=0, restarted_count=0
 full_count=0

Compilation events (20 events):
Event: 1.259 Thread 0x00000236ff7c2000 nmethod 460 0x0000023680641190 code [0x00000236806413a0, 0x00000236806418f8]
Event: 1.259 Thread 0x00000236ff7c2000  461       3       java.lang.invoke.LambdaForm::prepare (112 bytes)
Event: 1.260 Thread 0x00000236ff7c2000 nmethod 461 0x0000023680641b90 code [0x0000023680641dc0, 0x0000023680642398]
Event: 1.260 Thread 0x00000236ff7c2000  458       3       java.lang.invoke.MemberName::isField (7 bytes)
Event: 1.260 Thread 0x00000236ff7c2000 nmethod 458 0x0000023680642590 code [0x0000023680642740, 0x0000023680642978]
Event: 1.260 Thread 0x00000236ff7c2000  459       3       java.lang.invoke.DirectMethodHandle::maybeCompile (24 bytes)
Event: 1.261 Thread 0x00000236ff7c2000 nmethod 459 0x0000023680642a90 code [0x0000023680642d20, 0x0000023680643598]
Event: 1.322 Thread 0x00000236ff7be800  462       4       jdk.internal.org.objectweb.asm.Item::<init> (66 bytes)
Event: 1.331 Thread 0x00000236ff7c2000  463       3       java.lang.invoke.MethodHandles$Lookup::checkSecurityManager (104 bytes)
Event: 1.333 Thread 0x00000236ff7be800 nmethod 462 0x0000023687ae4610 code [0x0000023687ae47a0, 0x0000023687ae4a78]
Event: 1.334 Thread 0x00000236ff7c2000 nmethod 463 0x0000023680643910 code [0x0000023680643c00, 0x0000023680644ac8]
Event: 1.335 Thread 0x00000236ff7be800  465       4       jdk.internal.org.objectweb.asm.Frame::execute (2264 bytes)
Event: 1.354 Thread 0x00000236ff7c2000  466       3       java.lang.Class::getPackageName (81 bytes)
Event: 1.356 Thread 0x00000236ff7c2000 nmethod 466 0x0000023680644f90 code [0x0000023680645220, 0x0000023680645b48]
Event: 1.357 Thread 0x00000236ff7c2000  467       3       java.lang.StringLatin1::inflate (34 bytes)
Event: 1.357 Thread 0x00000236ff7c2000 nmethod 467 0x0000023680645e90 code [0x0000023680646060, 0x0000023680646258]
Event: 1.381 Thread 0x00000236ff7c2000  469       3       jdk.internal.org.objectweb.asm.Label::<init> (5 bytes)
Event: 1.381 Thread 0x00000236ff7c2000 nmethod 469 0x0000023680646410 code [0x00000236806465c0, 0x0000023680646718]
Event: 1.381 Thread 0x00000236ff7c2000  470       3       java.util.Collections$UnmodifiableCollection$1::next (10 bytes)
Event: 1.382 Thread 0x00000236ff7c2000 nmethod 470 0x0000023680646810 code [0x00000236806469c0, 0x0000023680646b88]

GC Heap History (2 events):
Event: 1.201 GC heap before
{Heap before GC invocations=0 (full 0):
 garbage-first heap   total 129024K, used 3072K [0x0000000083200000, 0x0000000100000000)
  region size 1024K, 4 young (4096K), 0 survivors (0K)
 Metaspace       used 7797K, capacity 7901K, committed 7936K, reserved 1062912K
  class space    used 687K, capacity 742K, committed 768K, reserved 1048576K
}
Event: 1.221 GC heap after
{Heap after GC invocations=1 (full 0):
 garbage-first heap   total 129024K, used 1077K [0x0000000083200000, 0x0000000100000000)
  region size 1024K, 2 young (2048K), 2 survivors (2048K)
 Metaspace       used 7797K, capacity 7901K, committed 7936K, reserved 1062912K
  class space    used 687K, capacity 742K, committed 768K, reserved 1048576K
}

Deoptimization events (4 events):
Event: 0.473 Thread 0x00000236f4072800 Uncommon trap: trap_request=0xffffff4d fr.pc=0x0000023687ac4120 relative=0x0000000000000180
Event: 0.473 Thread 0x00000236f4072800 Uncommon trap: reason=unstable_if action=reinterpret pc=0x0000023687ac4120 method=java.lang.String.hashCode()I @ 14 c2
Event: 0.473 Thread 0x00000236f4072800 DEOPT PACKING pc=0x0000023687ac4120 sp=0x000000382fafd490
Event: 0.473 Thread 0x00000236f4072800 DEOPT UNPACKING pc=0x000002368004a1a9 sp=0x000000382fafd428 mode 2

Classes redefined (0 events):
No events

Internal exceptions (9 events):
Event: 0.761 Thread 0x00000236f4072800 Exception <a 'java/lang/ClassNotFoundException'{0x000000008aea1d50}: sun/awt/resources/spi/awtProvider> (0x000000008aea1d50) thrown at [./src/hotspot/share/classfile/systemDictionary.cpp, line 231]
Event: 0.860 Thread 0x00000236f4072800 Exception <a 'java/io/FileNotFoundException'{0x000000008ad1d0c8}> (0x000000008ad1d0c8) thrown at [./src/hotspot/share/prims/jni.cpp, line 616]
Event: 0.901 Thread 0x00000236f4072800 Exception <a 'java/lang/NoSuchMethodError'{0x000000008ad78040}: 'java.lang.Object java.lang.invoke.DirectMethodHandle$Holder.invokeStatic(java.lang.Object, java.lang.Object, java.lang.Object, java.lang.Object, java.lang.Object, java.lang.Object, java.lang.Object, java.lang.Object, java.lang.Object, java.lang.Object, java.lang.Object, java.lang.Object, java.lang.Object, java.lang.Object, java.lang.Object)'> (0x000000008ad78040) thrown at [./src/hotspot/share/interpreter/linkResolver.cpp, line 773]
Event: 0.909 Thread 0x00000236f4072800 Exception <a 'java/lang/NoSuchMethodError'{0x000000008ad85db0}: 'java.lang.Object java.lang.invoke.DirectMethodHandle$Holder.invokeStatic(java.lang.Object, java.lang.Object, java.lang.Object, java.lang.Object, java.lang.Object, java.lang.Object, java.lang.Object, java.lang.Object, java.lang.Object, java.lang.Object, java.lang.Object, java.lang.Object, java.lang.Object, java.lang.Object, java.lang.Object, java.lang.Object)'> (0x000000008ad85db0) thrown at [./src/hotspot/share/interpreter/linkResolver.cpp, l
Event: 0.916 Thread 0x00000236f4072800 Exception <a 'java/lang/NoSuchMethodError'{0x000000008ad93ef0}: 'java.lang.Object java.lang.invoke.DirectMethodHandle$Holder.invokeSpecial(java.lang.Object, java.lang.Object, int, int, java.lang.Object, java.lang.Object, java.lang.Object)'> (0x000000008ad93ef0) thrown at [./src/hotspot/share/interpreter/linkResolver.cpp, line 773]
Event: 0.918 Thread 0x00000236f4072800 Exception <a 'java/lang/NoSuchMethodError'{0x000000008ad97788}: 'java.lang.Object java.lang.invoke.DelegatingMethodHandle$Holder.reinvoke_L(java.lang.Object, int, int, java.lang.Object, java.lang.Object, java.lang.Object)'> (0x000000008ad97788) thrown at [./src/hotspot/share/interpreter/linkResolver.cpp, line 773]
Event: 0.920 Thread 0x00000236f4072800 Exception <a 'java/lang/NoSuchMethodError'{0x000000008ad9b868}: 'java.lang.Object java.lang.invoke.DirectMethodHandle$Holder.invokeStatic(java.lang.Object, java.lang.Object, java.lang.Object, java.lang.Object, int)'> (0x000000008ad9b868) thrown at [./src/hotspot/share/interpreter/linkResolver.cpp, line 773]
Event: 1.025 Thread 0x00000236f4072800 Exception <a 'java/io/FileNotFoundException'{0x000000008adfe2d0}> (0x000000008adfe2d0) thrown at [./src/hotspot/share/prims/jni.cpp, line 616]
Event: 1.334 Thread 0x00000236934d0000 Exception <a 'java/lang/NoSuchMethodError'{0x000000008ae05388}: 'void java.lang.invoke.DirectMethodHandle$Holder.invokeSpecial(java.lang.Object, java.lang.Object)'> (0x000000008ae05388) thrown at [./src/hotspot/share/interpreter/linkResolver.cpp, line 773]

Events (20 events):
Event: 1.253 loading class sun/awt/AWTAutoShutdown
Event: 1.254 loading class sun/awt/AWTAutoShutdown done
Event: 1.254 loading class java/util/IdentityHashMap
Event: 1.254 loading class java/util/IdentityHashMap done
Event: 1.263 Thread 0x00000236934cd800 Thread added: 0x00000236934cd800
Event: 1.270 Thread 0x00000236934d0000 Thread added: 0x00000236934d0000
Event: 1.321 Executing VM operation: RevokeBias
Event: 1.321 Executing VM operation: RevokeBias done
Event: 1.336 loading class java/lang/ApplicationShutdownHooks
Event: 1.336 loading class java/lang/ApplicationShutdownHooks done
Event: 1.336 loading class java/lang/ApplicationShutdownHooks$1
Event: 1.337 loading class java/lang/ApplicationShutdownHooks$1 done
Event: 1.339 loading class java/lang/Shutdown
Event: 1.339 loading class java/lang/Shutdown done
Event: 1.340 loading class java/lang/Shutdown$Lock
Event: 1.340 loading class java/lang/Shutdown$Lock done
Event: 1.340 Executing VM operation: RevokeBias
Event: 1.341 Executing VM operation: RevokeBias done
Event: 1.380 loading class java/lang/invoke/BoundMethodHandle$Species_LLLLLI
Event: 1.380 loading class java/lang/invoke/BoundMethodHandle$Species_LLLLLI done


Dynamic libraries:
0x00007ff76b760000 - 0x00007ff76b76d000 	C:\Program Files\Eclipse Adoptium\jdk-11.0.13.8-hotspot\bin\java.exe
0x00007ffe5b8d0000 - 0x00007ffe5bac7000 	C:\Windows\SYSTEM32\ntdll.dll
0x00007ffe54e10000 - 0x00007ffe54e26000 	C:\Program Files\Avast Software\Avast\aswhook.dll
0x00007ffe5a130000 - 0x00007ffe5a1ed000 	C:\Windows\System32\KERNEL32.DLL
0x00007ffe590c0000 - 0x00007ffe5938d000 	C:\Windows\System32\KERNELBASE.dll
0x00007ffe59390000 - 0x00007ffe59490000 	C:\Windows\System32\ucrtbase.dll
0x00007ffe52500000 - 0x00007ffe52517000 	C:\Program Files\Eclipse Adoptium\jdk-11.0.13.8-hotspot\bin\jli.dll
0x00007ffe5b170000 - 0x00007ffe5b310000 	C:\Windows\System32\USER32.dll
0x00007ffe59840000 - 0x00007ffe59862000 	C:\Windows\System32\win32u.dll
0x00007ffe5abf0000 - 0x00007ffe5ac1a000 	C:\Windows\System32\GDI32.dll
0x00007ffe59490000 - 0x00007ffe5959b000 	C:\Windows\System32\gdi32full.dll
0x00007ffe58ff0000 - 0x00007ffe5908d000 	C:\Windows\System32\msvcp_win.dll
0x00007ffe514d0000 - 0x00007ffe514e5000 	C:\Program Files\Eclipse Adoptium\jdk-11.0.13.8-hotspot\bin\VCRUNTIME140.dll
0x00007ffe4f5e0000 - 0x00007ffe4f87a000 	C:\Windows\WinSxS\amd64_microsoft.windows.common-controls_6595b64144ccf1df_6.0.19041.1110_none_60b5254171f9507e\COMCTL32.dll
0x00007ffe5aa70000 - 0x00007ffe5ab0e000 	C:\Windows\System32\msvcrt.dll
0x00007ffe5acc0000 - 0x00007ffe5acf0000 	C:\Windows\System32\IMM32.DLL
0x00007ffe37190000 - 0x00007ffe3722b000 	C:\Program Files\Eclipse Adoptium\jdk-11.0.13.8-hotspot\bin\msvcp140.dll
0x00007ffdd54c0000 - 0x00007ffdd603e000 	C:\Program Files\Eclipse Adoptium\jdk-11.0.13.8-hotspot\bin\server\jvm.dll
0x00007ffe59fd0000 - 0x00007ffe5a07e000 	C:\Windows\System32\ADVAPI32.dll
0x00007ffe59e00000 - 0x00007ffe59e9c000 	C:\Windows\System32\sechost.dll
0x00007ffe5a940000 - 0x00007ffe5aa65000 	C:\Windows\System32\RPCRT4.dll
0x00007ffe5b310000 - 0x00007ffe5b318000 	C:\Windows\System32\PSAPI.DLL
0x00007ffe411b0000 - 0x00007ffe411b9000 	C:\Windows\SYSTEM32\WSOCK32.dll
0x00007ffe59b10000 - 0x00007ffe59b7b000 	C:\Windows\System32\WS2_32.dll
0x00007ffe50dc0000 - 0x00007ffe50de7000 	C:\Windows\SYSTEM32\WINMM.dll
0x00007ffe4e260000 - 0x00007ffe4e26a000 	C:\Windows\SYSTEM32\VERSION.dll
0x00007ffe56eb0000 - 0x00007ffe56ec2000 	C:\Windows\SYSTEM32\kernel.appcore.dll
0x00007ffe51280000 - 0x00007ffe51290000 	C:\Program Files\Eclipse Adoptium\jdk-11.0.13.8-hotspot\bin\verify.dll
0x00007ffe538c0000 - 0x00007ffe53aa4000 	C:\Windows\SYSTEM32\DBGHELP.DLL
0x00007ffe53380000 - 0x00007ffe533ac000 	C:\Windows\SYSTEM32\dbgcore.DLL
0x00007ffe595a0000 - 0x00007ffe59622000 	C:\Windows\System32\bcryptPrimitives.dll
0x00007ffe3f280000 - 0x00007ffe3f2a8000 	C:\Program Files\Eclipse Adoptium\jdk-11.0.13.8-hotspot\bin\java.dll
0x00007ffe51270000 - 0x00007ffe5127a000 	C:\Program Files\Eclipse Adoptium\jdk-11.0.13.8-hotspot\bin\jimage.dll
0x00007ffe50c00000 - 0x00007ffe50c17000 	C:\Program Files\Eclipse Adoptium\jdk-11.0.13.8-hotspot\bin\zip.dll
0x00007ffe5a1f0000 - 0x00007ffe5a934000 	C:\Windows\System32\SHELL32.dll
0x00007ffe570b0000 - 0x00007ffe57844000 	C:\Windows\SYSTEM32\windows.storage.dll
0x00007ffe5b530000 - 0x00007ffe5b884000 	C:\Windows\System32\combase.dll
0x00007ffe588a0000 - 0x00007ffe588cc000 	C:\Windows\SYSTEM32\Wldp.dll
0x00007ffe59930000 - 0x00007ffe599dd000 	C:\Windows\System32\SHCORE.dll
0x00007ffe599e0000 - 0x00007ffe59a35000 	C:\Windows\System32\shlwapi.dll
0x00007ffe58f30000 - 0x00007ffe58f4f000 	C:\Windows\SYSTEM32\profapi.dll
0x00007ffe1c2a0000 - 0x00007ffe1c43a000 	C:\Program Files\Eclipse Adoptium\jdk-11.0.13.8-hotspot\bin\awt.dll
0x00007ffe59a40000 - 0x00007ffe59b0d000 	C:\Windows\System32\OLEAUT32.dll
0x00007ffe56900000 - 0x00007ffe56990000 	C:\Windows\SYSTEM32\apphelp.dll
0x00007ffe569d0000 - 0x00007ffe56a6e000 	C:\Windows\system32\uxtheme.dll
0x00007ffe59c80000 - 0x00007ffe59d95000 	C:\Windows\System32\MSCTF.dll
0x00007ffe59ea0000 - 0x00007ffe59fca000 	C:\Windows\System32\ole32.dll

dbghelp: loaded successfully - version: 4.0.5 - missing functions: none
symbol engine: initialized successfully - sym options: 0x614 - pdb path: .;C:\Program Files\Eclipse Adoptium\jdk-11.0.13.8-hotspot\bin;C:\Windows\SYSTEM32;C:\Program Files\Avast Software\Avast;C:\Windows\WinSxS\amd64_microsoft.windows.common-controls_6595b64144ccf1df_6.0.19041.1110_none_60b5254171f9507e;C:\Program Files\Eclipse Adoptium\jdk-11.0.13.8-hotspot\bin\server

VM Arguments:
java_command: com.misiontic.primernombre_primerapellido.clases.Ejecucion
java_class_path (initial): C:\Users\USUARIO\Documents\MisionTic\Misiontic ciclo 2\proyectos\primernombre_primerapellido\target\classes
Launcher Type: SUN_STANDARD

[Global flags]
     intx CICompilerCount                          = 3                                         {product} {ergonomic}
     uint ConcGCThreads                            = 1                                         {product} {ergonomic}
     uint G1ConcRefinementThreads                  = 4                                         {product} {ergonomic}
   size_t G1HeapRegionSize                         = 1048576                                   {product} {ergonomic}
    uintx GCDrainStackTargetSize                   = 64                                        {product} {ergonomic}
   size_t InitialHeapSize                          = 132120576                                 {product} {ergonomic}
   size_t MarkStackSize                            = 4194304                                   {product} {ergonomic}
   size_t MaxHeapSize                              = 2095054848                                {product} {ergonomic}
   size_t MaxNewSize                               = 1256194048                                {product} {ergonomic}
   size_t MinHeapDeltaBytes                        = 1048576                                   {product} {ergonomic}
    uintx NonNMethodCodeHeapSize                   = 5830732                                {pd product} {ergonomic}
    uintx NonProfiledCodeHeapSize                  = 122913754                              {pd product} {ergonomic}
    uintx ProfiledCodeHeapSize                     = 122913754                              {pd product} {ergonomic}
    uintx ReservedCodeCacheSize                    = 251658240                              {pd product} {ergonomic}
     bool SegmentedCodeCache                       = true                                      {product} {ergonomic}
     bool UseCompressedClassPointers               = true                                 {lp64_product} {ergonomic}
     bool UseCompressedOops                        = true                                 {lp64_product} {ergonomic}
     bool UseG1GC                                  = true                                      {product} {ergonomic}
     bool UseLargePagesIndividualAllocation        = false                                  {pd product} {ergonomic}

Logging:
Log output configuration:
 #0: stdout all=warning uptime,level,tags
 #1: stderr all=off uptime,level,tags

Environment Variables:
JAVA_HOME=C:\Program Files\Eclipse Adoptium\jdk-11.0.13.8-hotspot
PATH=C:\Program Files (x86)\Common Files\Oracle\Java\javapath;c:\Program Files\Eclipse Adoptium\jdk-11.0.13.8-hotspot\bin;C:\Python310\Scripts\;C:\Python310\;C:\Windows\system32;C:\Windows;C:\Windows\System32\Wbem;C:\Windows\System32\WindowsPowerShell\v1.0\;C:\Windows\System32\OpenSSH\;C:\Program Files\Microsoft SQL Server\150\Tools\Binn\;C:\Program Files\Microsoft SQL Server\Client SDK\ODBC\170\Tools\Binn\;C:\Program Files\dotnet\;C:\Program Files\Git\cmd;C:\Program Files\nodejs\;C:\ProgramData\chocolatey\bin;C:\Program Files\Azure Data Studio\bin;C:\Program Files (x86)\Microsoft SQL Server\150\Tools\Binn\;C:\Program Files\Microsoft SQL Server\150\DTS\Binn\;C:\Program Files (x86)\Microsoft SQL Server\150\DTS\Binn\;C:\Users\USUARIO\AppData\Local\Microsoft\WindowsApps;C:\Users\USUARIO\AppData\Local\Programs\Microsoft VS Code\bin;C:\Users\USUARIO\.dotnet\tools;C:\Users\USUARIO\AppData\Roaming\npm;C:\gradle\gradle-7.3.3\bin;C:\Program Files\Azure Data Studio\bin;C:\Program Files\Eclipse Adoptium\jdk-11.0.13.8-hotspot\;;C:\Program Files\JetBrains\IntelliJ IDEA Community Edition 2021.3.2\bin;;C:\Program Files\heroku\bin
USERNAME=USUARIO
OS=Windows_NT
PROCESSOR_IDENTIFIER=Intel64 Family 6 Model 37 Stepping 5, GenuineIntel



---------------  S Y S T E M  ---------------

OS: Windows 10 , 64 bit Build 19041 (10.0.19041.1741)
OS uptime: 9 days 15:22 hours
Hyper-V role detected

CPU:total 4 (initial active 4) (2 cores per cpu, 2 threads per core) family 6 model 37 stepping 5 microcode 0x7, cmov, cx8, fxsr, mmx, sse, sse2, sse3, ssse3, sse4.1, sse4.2, popcnt, ht, tsc, tscinvbit

Memory: 4k page, system-wide physical 7989M (638M free)
TotalPageFile size 32565M (AvailPageFile size 0M)
current process WorkingSet (physical memory assigned to process): 47M, peak: 47M
current process commit charge ("private bytes"): 201M, peak: 201M

vm_info: OpenJDK 64-Bit Server VM (11.0.13+8) for windows-amd64 JRE (11.0.13+8), built on Oct 19 2021 17:05:59 by "" with unknown MS VC++:1916

END.
