#
# There is insufficient memory for the Java Runtime Environment to continue.
# Native memory allocation (malloc) failed to allocate 216816 bytes for Chunk::new
# Possible reasons:
#   The system is out of physical RAM or swap space
#   The process is running with CompressedOops enabled, and the Java Heap may be blocking the growth of the native heap
# Possible solutions:
#   Reduce memory load on the system
#   Increase physical memory or swap space
#   Check if swap backing store is full
#   Decrease Java heap size (-Xmx/-Xms)
#   Decrease number of Java threads
#   Decrease Java thread stack sizes (-Xss)
#   Set larger code cache with -XX:ReservedCodeCacheSize=
#   JVM is running with Unscaled Compressed Oops mode in which the Java heap is
#     placed in the first 4GB address space. The Java Heap base address is the
#     maximum limit for the native heap growth. Please use -XX:HeapBaseMinAddress
#     to set the Java Heap base and to place the Java Heap above 4GB virtual address.
# This output file may be truncated or incomplete.
#
#  Out of Memory Error (./src/hotspot/share/memory/arena.cpp:197), pid=14560, tid=14056
#
# JRE version: OpenJDK Runtime Environment Temurin-11.0.13+8 (11.0.13+8) (build 11.0.13+8)
# Java VM: OpenJDK 64-Bit Server VM Temurin-11.0.13+8 (11.0.13+8, mixed mode, tiered, compressed oops, g1 gc, windows-amd64)
# No core dump will be written. Minidumps are not enabled by default on client versions of Windows
#

---------------  S U M M A R Y ------------

Command Line: com.misiontic.primernombre_primerapellido.clases.Ejecucion

Host: Intel(R) Core(TM) i5 CPU       M 450  @ 2.40GHz, 4 cores, 7G,  Windows 10 , 64 bit Build 19041 (10.0.19041.1741)
Time: Sat Jun 25 15:50:53 2022 Hora est. Pacífico, Sudamérica elapsed time: 1.960078 seconds (0d 0h 0m 1s)

---------------  T H R E A D  ---------------

Current thread (0x000001e59344e800):  JavaThread "C2 CompilerThread0" daemon [_thread_in_native, id=14056, stack(0x0000004ee1f00000,0x0000004ee2000000)]


Current CompileTask:
C2:   1960  654       4       java.util.concurrent.ConcurrentHashMap::get (162 bytes)

Stack: [0x0000004ee1f00000,0x0000004ee2000000]
Native frames: (J=compiled Java code, j=interpreted, Vv=VM code, C=native code)
V  [jvm.dll+0x61cc7a]
V  [jvm.dll+0x7a8fd9]
V  [jvm.dll+0x7aa69f]
V  [jvm.dll+0x7aad73]
V  [jvm.dll+0x24f808]
V  [jvm.dll+0xc260c]
V  [jvm.dll+0xc2bcc]
V  [jvm.dll+0x358167]
V  [jvm.dll+0x325793]
V  [jvm.dll+0x324aca]
V  [jvm.dll+0x208995]
V  [jvm.dll+0x207b7d]
V  [jvm.dll+0x18a011]
V  [jvm.dll+0x217599]
V  [jvm.dll+0x21578b]
V  [jvm.dll+0x76ba50]
V  [jvm.dll+0x7649d4]
V  [jvm.dll+0x61bb16]
C  [ucrtbase.dll+0x21bb2]
C  [KERNEL32.DLL+0x17034]
C  [ntdll.dll+0x52651]


---------------  P R O C E S S  ---------------

Threads class SMR info:
_java_thread_list=0x000001e5943999c0, length=15, elements={
0x000001e5f2da1800, 0x000001e59342c000, 0x000001e59342c800, 0x000001e593446800,
0x000001e593449000, 0x000001e59344b800, 0x000001e59344e800, 0x000001e593453800,
0x000001e59346e000, 0x000001e593f2e800, 0x000001e5941f6000, 0x000001e5941f6800,
0x000001e594291800, 0x000001e5953e0800, 0x000001e593f28000
}

Java Threads: ( => current thread )
  0x000001e5f2da1800 JavaThread "main" [_thread_in_native, id=11028, stack(0x0000004ee1300000,0x0000004ee1400000)]
  0x000001e59342c000 JavaThread "Reference Handler" daemon [_thread_blocked, id=8976, stack(0x0000004ee1a00000,0x0000004ee1b00000)]
  0x000001e59342c800 JavaThread "Finalizer" daemon [_thread_blocked, id=14796, stack(0x0000004ee1b00000,0x0000004ee1c00000)]
  0x000001e593446800 JavaThread "Signal Dispatcher" daemon [_thread_blocked, id=11676, stack(0x0000004ee1c00000,0x0000004ee1d00000)]
  0x000001e593449000 JavaThread "Attach Listener" daemon [_thread_blocked, id=6400, stack(0x0000004ee1d00000,0x0000004ee1e00000)]
  0x000001e59344b800 JavaThread "Service Thread" daemon [_thread_blocked, id=21916, stack(0x0000004ee1e00000,0x0000004ee1f00000)]
=>0x000001e59344e800 JavaThread "C2 CompilerThread0" daemon [_thread_in_native, id=14056, stack(0x0000004ee1f00000,0x0000004ee2000000)]
  0x000001e593453800 JavaThread "C1 CompilerThread0" daemon [_thread_blocked, id=3484, stack(0x0000004ee2000000,0x0000004ee2100000)]
  0x000001e59346e000 JavaThread "Sweeper thread" daemon [_thread_blocked, id=19508, stack(0x0000004ee2100000,0x0000004ee2200000)]
  0x000001e593f2e800 JavaThread "Common-Cleaner" daemon [_thread_blocked, id=3192, stack(0x0000004ee2300000,0x0000004ee2400000)]
  0x000001e5941f6000 JavaThread "Java2D Disposer" daemon [_thread_blocked, id=22984, stack(0x0000004ee2400000,0x0000004ee2500000)]
  0x000001e5941f6800 JavaThread "AWT-Shutdown" [_thread_blocked, id=13556, stack(0x0000004ee2500000,0x0000004ee2600000)]
  0x000001e594291800 JavaThread "AWT-Windows" daemon [_thread_in_native, id=9444, stack(0x0000004ee2600000,0x0000004ee2700000)]
  0x000001e5953e0800 JavaThread "Image Fetcher 0" daemon [_thread_blocked, id=6564, stack(0x0000004ee2800000,0x0000004ee2900000)]
  0x000001e593f28000 JavaThread "C2 CompilerThread1" daemon [_thread_blocked, id=6840, stack(0x0000004ee2700000,0x0000004ee2800000)]

Other Threads:
  0x000001e593405000 VMThread "VM Thread" [stack: 0x0000004ee1900000,0x0000004ee1a00000] [id=11184]
  0x000001e593f25000 WatcherThread [stack: 0x0000004ee2200000,0x0000004ee2300000] [id=21164]
  0x000001e5f2dbd000 GCTaskThread "GC Thread#0" [stack: 0x0000004ee1400000,0x0000004ee1500000] [id=9192]
  0x000001e5f2deb000 ConcurrentGCThread "G1 Main Marker" [stack: 0x0000004ee1500000,0x0000004ee1600000] [id=17680]
  0x000001e5f2dec800 ConcurrentGCThread "G1 Conc#0" [stack: 0x0000004ee1600000,0x0000004ee1700000] [id=23188]
  0x000001e5f2e7d000 ConcurrentGCThread "G1 Refine#0" [stack: 0x0000004ee1700000,0x0000004ee1800000] [id=10556]
  0x000001e593270800 ConcurrentGCThread "G1 Young RemSet Sampling" [stack: 0x0000004ee1800000,0x0000004ee1900000] [id=18268]

Threads with active compile tasks:
C2 CompilerThread0   2081  654       4       java.util.concurrent.ConcurrentHashMap::get (162 bytes)

VM state:not at safepoint (normal execution)

VM Mutex/Monitor currently owned by a thread: None

Heap address: 0x0000000083200000, size: 1998 MB, Compressed Oops mode: 32-bit
Narrow klass base: 0x0000000000000000, Narrow klass shift: 3
Compressed class space size: 1073741824 Address: 0x0000000100000000

Heap:
 garbage-first heap   total 129024K, used 7168K [0x0000000083200000, 0x0000000100000000)
  region size 1024K, 8 young (8192K), 0 survivors (0K)
 Metaspace       used 11488K, capacity 11824K, committed 12160K, reserved 1060864K
  class space    used 1158K, capacity 1315K, committed 1408K, reserved 1048576K
Heap Regions: E=young(eden), S=young(survivor), O=old, HS=humongous(starts), HC=humongous(continues), CS=collection set, F=free, A=archive, TAMS=top-at-mark-start (previous, next)
|   0|0x0000000083200000, 0x0000000083200000, 0x0000000083300000|  0%| F|  |TAMS 0x0000000083200000, 0x0000000083200000| Untracked 
|   1|0x0000000083300000, 0x0000000083300000, 0x0000000083400000|  0%| F|  |TAMS 0x0000000083300000, 0x0000000083300000| Untracked 
|   2|0x0000000083400000, 0x0000000083400000, 0x0000000083500000|  0%| F|  |TAMS 0x0000000083400000, 0x0000000083400000| Untracked 
|   3|0x0000000083500000, 0x0000000083500000, 0x0000000083600000|  0%| F|  |TAMS 0x0000000083500000, 0x0000000083500000| Untracked 
|   4|0x0000000083600000, 0x0000000083600000, 0x0000000083700000|  0%| F|  |TAMS 0x0000000083600000, 0x0000000083600000| Untracked 
|   5|0x0000000083700000, 0x0000000083700000, 0x0000000083800000|  0%| F|  |TAMS 0x0000000083700000, 0x0000000083700000| Untracked 
|   6|0x0000000083800000, 0x0000000083800000, 0x0000000083900000|  0%| F|  |TAMS 0x0000000083800000, 0x0000000083800000| Untracked 
|   7|0x0000000083900000, 0x0000000083900000, 0x0000000083a00000|  0%| F|  |TAMS 0x0000000083900000, 0x0000000083900000| Untracked 
|   8|0x0000000083a00000, 0x0000000083a00000, 0x0000000083b00000|  0%| F|  |TAMS 0x0000000083a00000, 0x0000000083a00000| Untracked 
|   9|0x0000000083b00000, 0x0000000083b00000, 0x0000000083c00000|  0%| F|  |TAMS 0x0000000083b00000, 0x0000000083b00000| Untracked 
|  10|0x0000000083c00000, 0x0000000083c00000, 0x0000000083d00000|  0%| F|  |TAMS 0x0000000083c00000, 0x0000000083c00000| Untracked 
|  11|0x0000000083d00000, 0x0000000083d00000, 0x0000000083e00000|  0%| F|  |TAMS 0x0000000083d00000, 0x0000000083d00000| Untracked 
|  12|0x0000000083e00000, 0x0000000083e00000, 0x0000000083f00000|  0%| F|  |TAMS 0x0000000083e00000, 0x0000000083e00000| Untracked 
|  13|0x0000000083f00000, 0x0000000083f00000, 0x0000000084000000|  0%| F|  |TAMS 0x0000000083f00000, 0x0000000083f00000| Untracked 
|  14|0x0000000084000000, 0x0000000084000000, 0x0000000084100000|  0%| F|  |TAMS 0x0000000084000000, 0x0000000084000000| Untracked 
|  15|0x0000000084100000, 0x0000000084100000, 0x0000000084200000|  0%| F|  |TAMS 0x0000000084100000, 0x0000000084100000| Untracked 
|  16|0x0000000084200000, 0x0000000084200000, 0x0000000084300000|  0%| F|  |TAMS 0x0000000084200000, 0x0000000084200000| Untracked 
|  17|0x0000000084300000, 0x0000000084300000, 0x0000000084400000|  0%| F|  |TAMS 0x0000000084300000, 0x0000000084300000| Untracked 
|  18|0x0000000084400000, 0x0000000084400000, 0x0000000084500000|  0%| F|  |TAMS 0x0000000084400000, 0x0000000084400000| Untracked 
|  19|0x0000000084500000, 0x0000000084500000, 0x0000000084600000|  0%| F|  |TAMS 0x0000000084500000, 0x0000000084500000| Untracked 
|  20|0x0000000084600000, 0x0000000084600000, 0x0000000084700000|  0%| F|  |TAMS 0x0000000084600000, 0x0000000084600000| Untracked 
|  21|0x0000000084700000, 0x0000000084700000, 0x0000000084800000|  0%| F|  |TAMS 0x0000000084700000, 0x0000000084700000| Untracked 
|  22|0x0000000084800000, 0x0000000084800000, 0x0000000084900000|  0%| F|  |TAMS 0x0000000084800000, 0x0000000084800000| Untracked 
|  23|0x0000000084900000, 0x0000000084900000, 0x0000000084a00000|  0%| F|  |TAMS 0x0000000084900000, 0x0000000084900000| Untracked 
|  24|0x0000000084a00000, 0x0000000084a00000, 0x0000000084b00000|  0%| F|  |TAMS 0x0000000084a00000, 0x0000000084a00000| Untracked 
|  25|0x0000000084b00000, 0x0000000084b00000, 0x0000000084c00000|  0%| F|  |TAMS 0x0000000084b00000, 0x0000000084b00000| Untracked 
|  26|0x0000000084c00000, 0x0000000084c00000, 0x0000000084d00000|  0%| F|  |TAMS 0x0000000084c00000, 0x0000000084c00000| Untracked 
|  27|0x0000000084d00000, 0x0000000084d00000, 0x0000000084e00000|  0%| F|  |TAMS 0x0000000084d00000, 0x0000000084d00000| Untracked 
|  28|0x0000000084e00000, 0x0000000084e00000, 0x0000000084f00000|  0%| F|  |TAMS 0x0000000084e00000, 0x0000000084e00000| Untracked 
|  29|0x0000000084f00000, 0x0000000084f00000, 0x0000000085000000|  0%| F|  |TAMS 0x0000000084f00000, 0x0000000084f00000| Untracked 
|  30|0x0000000085000000, 0x0000000085000000, 0x0000000085100000|  0%| F|  |TAMS 0x0000000085000000, 0x0000000085000000| Untracked 
|  31|0x0000000085100000, 0x0000000085100000, 0x0000000085200000|  0%| F|  |TAMS 0x0000000085100000, 0x0000000085100000| Untracked 
|  32|0x0000000085200000, 0x0000000085200000, 0x0000000085300000|  0%| F|  |TAMS 0x0000000085200000, 0x0000000085200000| Untracked 
|  33|0x0000000085300000, 0x0000000085300000, 0x0000000085400000|  0%| F|  |TAMS 0x0000000085300000, 0x0000000085300000| Untracked 
|  34|0x0000000085400000, 0x0000000085400000, 0x0000000085500000|  0%| F|  |TAMS 0x0000000085400000, 0x0000000085400000| Untracked 
|  35|0x0000000085500000, 0x0000000085500000, 0x0000000085600000|  0%| F|  |TAMS 0x0000000085500000, 0x0000000085500000| Untracked 
|  36|0x0000000085600000, 0x0000000085600000, 0x0000000085700000|  0%| F|  |TAMS 0x0000000085600000, 0x0000000085600000| Untracked 
|  37|0x0000000085700000, 0x0000000085700000, 0x0000000085800000|  0%| F|  |TAMS 0x0000000085700000, 0x0000000085700000| Untracked 
|  38|0x0000000085800000, 0x0000000085800000, 0x0000000085900000|  0%| F|  |TAMS 0x0000000085800000, 0x0000000085800000| Untracked 
|  39|0x0000000085900000, 0x0000000085900000, 0x0000000085a00000|  0%| F|  |TAMS 0x0000000085900000, 0x0000000085900000| Untracked 
|  40|0x0000000085a00000, 0x0000000085a00000, 0x0000000085b00000|  0%| F|  |TAMS 0x0000000085a00000, 0x0000000085a00000| Untracked 
|  41|0x0000000085b00000, 0x0000000085b00000, 0x0000000085c00000|  0%| F|  |TAMS 0x0000000085b00000, 0x0000000085b00000| Untracked 
|  42|0x0000000085c00000, 0x0000000085c00000, 0x0000000085d00000|  0%| F|  |TAMS 0x0000000085c00000, 0x0000000085c00000| Untracked 
|  43|0x0000000085d00000, 0x0000000085d00000, 0x0000000085e00000|  0%| F|  |TAMS 0x0000000085d00000, 0x0000000085d00000| Untracked 
|  44|0x0000000085e00000, 0x0000000085e00000, 0x0000000085f00000|  0%| F|  |TAMS 0x0000000085e00000, 0x0000000085e00000| Untracked 
|  45|0x0000000085f00000, 0x0000000085f00000, 0x0000000086000000|  0%| F|  |TAMS 0x0000000085f00000, 0x0000000085f00000| Untracked 
|  46|0x0000000086000000, 0x0000000086000000, 0x0000000086100000|  0%| F|  |TAMS 0x0000000086000000, 0x0000000086000000| Untracked 
|  47|0x0000000086100000, 0x0000000086100000, 0x0000000086200000|  0%| F|  |TAMS 0x0000000086100000, 0x0000000086100000| Untracked 
|  48|0x0000000086200000, 0x0000000086200000, 0x0000000086300000|  0%| F|  |TAMS 0x0000000086200000, 0x0000000086200000| Untracked 
|  49|0x0000000086300000, 0x0000000086300000, 0x0000000086400000|  0%| F|  |TAMS 0x0000000086300000, 0x0000000086300000| Untracked 
|  50|0x0000000086400000, 0x0000000086400000, 0x0000000086500000|  0%| F|  |TAMS 0x0000000086400000, 0x0000000086400000| Untracked 
|  51|0x0000000086500000, 0x0000000086500000, 0x0000000086600000|  0%| F|  |TAMS 0x0000000086500000, 0x0000000086500000| Untracked 
|  52|0x0000000086600000, 0x0000000086600000, 0x0000000086700000|  0%| F|  |TAMS 0x0000000086600000, 0x0000000086600000| Untracked 
|  53|0x0000000086700000, 0x0000000086700000, 0x0000000086800000|  0%| F|  |TAMS 0x0000000086700000, 0x0000000086700000| Untracked 
|  54|0x0000000086800000, 0x0000000086800000, 0x0000000086900000|  0%| F|  |TAMS 0x0000000086800000, 0x0000000086800000| Untracked 
|  55|0x0000000086900000, 0x0000000086900000, 0x0000000086a00000|  0%| F|  |TAMS 0x0000000086900000, 0x0000000086900000| Untracked 
|  56|0x0000000086a00000, 0x0000000086a00000, 0x0000000086b00000|  0%| F|  |TAMS 0x0000000086a00000, 0x0000000086a00000| Untracked 
|  57|0x0000000086b00000, 0x0000000086b00000, 0x0000000086c00000|  0%| F|  |TAMS 0x0000000086b00000, 0x0000000086b00000| Untracked 
|  58|0x0000000086c00000, 0x0000000086c00000, 0x0000000086d00000|  0%| F|  |TAMS 0x0000000086c00000, 0x0000000086c00000| Untracked 
|  59|0x0000000086d00000, 0x0000000086d00000, 0x0000000086e00000|  0%| F|  |TAMS 0x0000000086d00000, 0x0000000086d00000| Untracked 
|  60|0x0000000086e00000, 0x0000000086e00000, 0x0000000086f00000|  0%| F|  |TAMS 0x0000000086e00000, 0x0000000086e00000| Untracked 
|  61|0x0000000086f00000, 0x0000000086f00000, 0x0000000087000000|  0%| F|  |TAMS 0x0000000086f00000, 0x0000000086f00000| Untracked 
|  62|0x0000000087000000, 0x0000000087000000, 0x0000000087100000|  0%| F|  |TAMS 0x0000000087000000, 0x0000000087000000| Untracked 
|  63|0x0000000087100000, 0x0000000087100000, 0x0000000087200000|  0%| F|  |TAMS 0x0000000087100000, 0x0000000087100000| Untracked 
|  64|0x0000000087200000, 0x0000000087200000, 0x0000000087300000|  0%| F|  |TAMS 0x0000000087200000, 0x0000000087200000| Untracked 
|  65|0x0000000087300000, 0x0000000087300000, 0x0000000087400000|  0%| F|  |TAMS 0x0000000087300000, 0x0000000087300000| Untracked 
|  66|0x0000000087400000, 0x0000000087400000, 0x0000000087500000|  0%| F|  |TAMS 0x0000000087400000, 0x0000000087400000| Untracked 
|  67|0x0000000087500000, 0x0000000087500000, 0x0000000087600000|  0%| F|  |TAMS 0x0000000087500000, 0x0000000087500000| Untracked 
|  68|0x0000000087600000, 0x0000000087600000, 0x0000000087700000|  0%| F|  |TAMS 0x0000000087600000, 0x0000000087600000| Untracked 
|  69|0x0000000087700000, 0x0000000087700000, 0x0000000087800000|  0%| F|  |TAMS 0x0000000087700000, 0x0000000087700000| Untracked 
|  70|0x0000000087800000, 0x0000000087800000, 0x0000000087900000|  0%| F|  |TAMS 0x0000000087800000, 0x0000000087800000| Untracked 
|  71|0x0000000087900000, 0x0000000087900000, 0x0000000087a00000|  0%| F|  |TAMS 0x0000000087900000, 0x0000000087900000| Untracked 
|  72|0x0000000087a00000, 0x0000000087a00000, 0x0000000087b00000|  0%| F|  |TAMS 0x0000000087a00000, 0x0000000087a00000| Untracked 
|  73|0x0000000087b00000, 0x0000000087b00000, 0x0000000087c00000|  0%| F|  |TAMS 0x0000000087b00000, 0x0000000087b00000| Untracked 
|  74|0x0000000087c00000, 0x0000000087c00000, 0x0000000087d00000|  0%| F|  |TAMS 0x0000000087c00000, 0x0000000087c00000| Untracked 
|  75|0x0000000087d00000, 0x0000000087d00000, 0x0000000087e00000|  0%| F|  |TAMS 0x0000000087d00000, 0x0000000087d00000| Untracked 
|  76|0x0000000087e00000, 0x0000000087e00000, 0x0000000087f00000|  0%| F|  |TAMS 0x0000000087e00000, 0x0000000087e00000| Untracked 
|  77|0x0000000087f00000, 0x0000000087f00000, 0x0000000088000000|  0%| F|  |TAMS 0x0000000087f00000, 0x0000000087f00000| Untracked 
|  78|0x0000000088000000, 0x0000000088000000, 0x0000000088100000|  0%| F|  |TAMS 0x0000000088000000, 0x0000000088000000| Untracked 
|  79|0x0000000088100000, 0x0000000088100000, 0x0000000088200000|  0%| F|  |TAMS 0x0000000088100000, 0x0000000088100000| Untracked 
|  80|0x0000000088200000, 0x0000000088200000, 0x0000000088300000|  0%| F|  |TAMS 0x0000000088200000, 0x0000000088200000| Untracked 
|  81|0x0000000088300000, 0x0000000088300000, 0x0000000088400000|  0%| F|  |TAMS 0x0000000088300000, 0x0000000088300000| Untracked 
|  82|0x0000000088400000, 0x0000000088400000, 0x0000000088500000|  0%| F|  |TAMS 0x0000000088400000, 0x0000000088400000| Untracked 
|  83|0x0000000088500000, 0x0000000088500000, 0x0000000088600000|  0%| F|  |TAMS 0x0000000088500000, 0x0000000088500000| Untracked 
|  84|0x0000000088600000, 0x0000000088600000, 0x0000000088700000|  0%| F|  |TAMS 0x0000000088600000, 0x0000000088600000| Untracked 
|  85|0x0000000088700000, 0x0000000088700000, 0x0000000088800000|  0%| F|  |TAMS 0x0000000088700000, 0x0000000088700000| Untracked 
|  86|0x0000000088800000, 0x0000000088800000, 0x0000000088900000|  0%| F|  |TAMS 0x0000000088800000, 0x0000000088800000| Untracked 
|  87|0x0000000088900000, 0x0000000088900000, 0x0000000088a00000|  0%| F|  |TAMS 0x0000000088900000, 0x0000000088900000| Untracked 
|  88|0x0000000088a00000, 0x0000000088a00000, 0x0000000088b00000|  0%| F|  |TAMS 0x0000000088a00000, 0x0000000088a00000| Untracked 
|  89|0x0000000088b00000, 0x0000000088b00000, 0x0000000088c00000|  0%| F|  |TAMS 0x0000000088b00000, 0x0000000088b00000| Untracked 
|  90|0x0000000088c00000, 0x0000000088c00000, 0x0000000088d00000|  0%| F|  |TAMS 0x0000000088c00000, 0x0000000088c00000| Untracked 
|  91|0x0000000088d00000, 0x0000000088d00000, 0x0000000088e00000|  0%| F|  |TAMS 0x0000000088d00000, 0x0000000088d00000| Untracked 
|  92|0x0000000088e00000, 0x0000000088e00000, 0x0000000088f00000|  0%| F|  |TAMS 0x0000000088e00000, 0x0000000088e00000| Untracked 
|  93|0x0000000088f00000, 0x0000000088f00000, 0x0000000089000000|  0%| F|  |TAMS 0x0000000088f00000, 0x0000000088f00000| Untracked 
|  94|0x0000000089000000, 0x0000000089000000, 0x0000000089100000|  0%| F|  |TAMS 0x0000000089000000, 0x0000000089000000| Untracked 
|  95|0x0000000089100000, 0x0000000089100000, 0x0000000089200000|  0%| F|  |TAMS 0x0000000089100000, 0x0000000089100000| Untracked 
|  96|0x0000000089200000, 0x0000000089200000, 0x0000000089300000|  0%| F|  |TAMS 0x0000000089200000, 0x0000000089200000| Untracked 
|  97|0x0000000089300000, 0x0000000089300000, 0x0000000089400000|  0%| F|  |TAMS 0x0000000089300000, 0x0000000089300000| Untracked 
|  98|0x0000000089400000, 0x0000000089400000, 0x0000000089500000|  0%| F|  |TAMS 0x0000000089400000, 0x0000000089400000| Untracked 
|  99|0x0000000089500000, 0x0000000089500000, 0x0000000089600000|  0%| F|  |TAMS 0x0000000089500000, 0x0000000089500000| Untracked 
| 100|0x0000000089600000, 0x0000000089600000, 0x0000000089700000|  0%| F|  |TAMS 0x0000000089600000, 0x0000000089600000| Untracked 
| 101|0x0000000089700000, 0x0000000089700000, 0x0000000089800000|  0%| F|  |TAMS 0x0000000089700000, 0x0000000089700000| Untracked 
| 102|0x0000000089800000, 0x0000000089800000, 0x0000000089900000|  0%| F|  |TAMS 0x0000000089800000, 0x0000000089800000| Untracked 
| 103|0x0000000089900000, 0x0000000089900000, 0x0000000089a00000|  0%| F|  |TAMS 0x0000000089900000, 0x0000000089900000| Untracked 
| 104|0x0000000089a00000, 0x0000000089a00000, 0x0000000089b00000|  0%| F|  |TAMS 0x0000000089a00000, 0x0000000089a00000| Untracked 
| 105|0x0000000089b00000, 0x0000000089b00000, 0x0000000089c00000|  0%| F|  |TAMS 0x0000000089b00000, 0x0000000089b00000| Untracked 
| 106|0x0000000089c00000, 0x0000000089c00000, 0x0000000089d00000|  0%| F|  |TAMS 0x0000000089c00000, 0x0000000089c00000| Untracked 
| 107|0x0000000089d00000, 0x0000000089d00000, 0x0000000089e00000|  0%| F|  |TAMS 0x0000000089d00000, 0x0000000089d00000| Untracked 
| 108|0x0000000089e00000, 0x0000000089e00000, 0x0000000089f00000|  0%| F|  |TAMS 0x0000000089e00000, 0x0000000089e00000| Untracked 
| 109|0x0000000089f00000, 0x0000000089f00000, 0x000000008a000000|  0%| F|  |TAMS 0x0000000089f00000, 0x0000000089f00000| Untracked 
| 110|0x000000008a000000, 0x000000008a000000, 0x000000008a100000|  0%| F|  |TAMS 0x000000008a000000, 0x000000008a000000| Untracked 
| 111|0x000000008a100000, 0x000000008a100000, 0x000000008a200000|  0%| F|  |TAMS 0x000000008a100000, 0x000000008a100000| Untracked 
| 112|0x000000008a200000, 0x000000008a200000, 0x000000008a300000|  0%| F|  |TAMS 0x000000008a200000, 0x000000008a200000| Untracked 
| 113|0x000000008a300000, 0x000000008a300000, 0x000000008a400000|  0%| F|  |TAMS 0x000000008a300000, 0x000000008a300000| Untracked 
| 114|0x000000008a400000, 0x000000008a400000, 0x000000008a500000|  0%| F|  |TAMS 0x000000008a400000, 0x000000008a400000| Untracked 
| 115|0x000000008a500000, 0x000000008a500000, 0x000000008a600000|  0%| F|  |TAMS 0x000000008a500000, 0x000000008a500000| Untracked 
| 116|0x000000008a600000, 0x000000008a600000, 0x000000008a700000|  0%| F|  |TAMS 0x000000008a600000, 0x000000008a600000| Untracked 
| 117|0x000000008a700000, 0x000000008a700000, 0x000000008a800000|  0%| F|  |TAMS 0x000000008a700000, 0x000000008a700000| Untracked 
| 118|0x000000008a800000, 0x000000008a900000, 0x000000008a900000|100%| E|  |TAMS 0x000000008a800000, 0x000000008a800000| Complete 
| 119|0x000000008a900000, 0x000000008aa00000, 0x000000008aa00000|100%| E|CS|TAMS 0x000000008a900000, 0x000000008a900000| Complete 
| 120|0x000000008aa00000, 0x000000008ab00000, 0x000000008ab00000|100%| E|CS|TAMS 0x000000008aa00000, 0x000000008aa00000| Complete 
| 121|0x000000008ab00000, 0x000000008ac00000, 0x000000008ac00000|100%| E|CS|TAMS 0x000000008ab00000, 0x000000008ab00000| Complete 
| 122|0x000000008ac00000, 0x000000008ad00000, 0x000000008ad00000|100%| E|CS|TAMS 0x000000008ac00000, 0x000000008ac00000| Complete 
| 123|0x000000008ad00000, 0x000000008ae00000, 0x000000008ae00000|100%| E|CS|TAMS 0x000000008ad00000, 0x000000008ad00000| Complete 
| 124|0x000000008ae00000, 0x000000008af00000, 0x000000008af00000|100%| E|CS|TAMS 0x000000008ae00000, 0x000000008ae00000| Complete 
| 125|0x000000008af00000, 0x000000008b000000, 0x000000008b000000|100%| E|CS|TAMS 0x000000008af00000, 0x000000008af00000| Complete 

Card table byte_map: [0x000001e5fd6d0000,0x000001e5fdac0000] _byte_map_base: 0x000001e5fd2b7000

Marking Bits (Prev, Next): (CMBitMap*) 0x000001e5f2de2518, (CMBitMap*) 0x000001e5f2de2550
 Prev Bits: [0x000001e5fdeb0000, 0x000001e5ffde8000)
 Next Bits: [0x000001e58f000000, 0x000001e590f38000)

Polling page: 0x000001e5fcc80000

Metaspace:

Usage:
  Non-class:     10.39 MB capacity,    10.21 MB ( 98%) used,   140.30 KB (  1%) free+waste,    38.00 KB ( <1%) overhead. 
      Class:      1.32 MB capacity,     1.14 MB ( 87%) used,   153.80 KB ( 11%) free+waste,    21.19 KB (  2%) overhead. 
       Both:     11.70 MB capacity,    11.36 MB ( 97%) used,   294.11 KB (  2%) free+waste,    59.19 KB ( <1%) overhead. 

Virtual space:
  Non-class space:       12.00 MB reserved,      10.50 MB ( 88%) committed 
      Class space:        1.00 GB reserved,       1.38 MB ( <1%) committed 
             Both:        1.01 GB reserved,      11.88 MB (  1%) committed 

Chunk freelists:
   Non-Class:  51.00 KB
       Class:  29.00 KB
        Both:  80.00 KB

MaxMetaspaceSize: 17179869184.00 GB
CompressedClassSpaceSize: 1.00 GB
Initial GC threshold: 20.80 MB
Current GC threshold: 20.80 MB
CDS: off

CodeHeap 'non-profiled nmethods': size=120064Kb used=250Kb max_used=250Kb free=119813Kb
 bounds [0x000001e587ac0000, 0x000001e587d30000, 0x000001e58f000000]
CodeHeap 'profiled nmethods': size=120000Kb used=1193Kb max_used=1193Kb free=118806Kb
 bounds [0x000001e580590000, 0x000001e580800000, 0x000001e587ac0000]
CodeHeap 'non-nmethods': size=5696Kb used=1213Kb max_used=1213Kb free=4482Kb
 bounds [0x000001e580000000, 0x000001e580270000, 0x000001e580590000]
 total_blobs=1219 nmethods=724 adapters=409
 compilation: enabled
              stopped_count=0, restarted_count=0
 full_count=0

Compilation events (20 events):
Event: 1.940 Thread 0x000001e593453800  661       3       java.util.Arrays::asList (9 bytes)
Event: 1.941 Thread 0x000001e593453800 nmethod 661 0x000001e58069bd10 code [0x000001e58069bf00, 0x000001e58069c368]
Event: 1.941 Thread 0x000001e593453800  662       3       java.util.Arrays$ArrayList::<init> (16 bytes)
Event: 1.942 Thread 0x000001e593453800 nmethod 662 0x000001e58069c510 code [0x000001e58069c700, 0x000001e58069cac8]
Event: 1.942 Thread 0x000001e593453800  663       3       java.util.Arrays$ArrayList::iterator (12 bytes)
Event: 1.943 Thread 0x000001e593453800 nmethod 663 0x000001e58069cc90 code [0x000001e58069ce60, 0x000001e58069d0d8]
Event: 1.943 Thread 0x000001e593453800  664       3       java.lang.invoke.LambdaFormEditor::addArgumentForm (121 bytes)
Event: 1.944 Thread 0x000001e593453800 nmethod 664 0x000001e58069d210 code [0x000001e58069d460, 0x000001e58069da98]
Event: 1.944 Thread 0x000001e593453800  667       3       sun.awt.FontConfiguration::contains (24 bytes)
Event: 1.945 Thread 0x000001e593453800 nmethod 667 0x000001e58069de10 code [0x000001e58069dfc0, 0x000001e58069e1d8]
Event: 1.945 Thread 0x000001e593453800  666       3       java.util.HashMap::afterNodeAccess (1 bytes)
Event: 1.945 Thread 0x000001e593453800 nmethod 666 0x000001e58069e310 code [0x000001e58069e4c0, 0x000001e58069e5b8]
Event: 1.945 Thread 0x000001e593453800  668       3       sun.awt.FontConfiguration::getComponentFontID (25 bytes)
Event: 1.945 Thread 0x000001e593453800 nmethod 668 0x000001e58069e690 code [0x000001e58069e840, 0x000001e58069e9d8]
Event: 1.945 Thread 0x000001e593453800  669       3       java.lang.Short::valueOf (37 bytes)
Event: 1.946 Thread 0x000001e593453800 nmethod 669 0x000001e58069eb10 code [0x000001e58069ece0, 0x000001e58069eff8]
Event: 1.946 Thread 0x000001e593453800  670       3       java.lang.Short::hashCode (8 bytes)
Event: 1.946 Thread 0x000001e593453800 nmethod 670 0x000001e58069f190 code [0x000001e58069f340, 0x000001e58069f498]
Event: 1.946 Thread 0x000001e593453800  665       3       java.lang.Short::<init> (10 bytes)
Event: 1.946 Thread 0x000001e593453800 nmethod 665 0x000001e58069f590 code [0x000001e58069f740, 0x000001e58069f8f8]

GC Heap History (0 events):
No events

Deoptimization events (8 events):
Event: 0.326 Thread 0x000001e5f2da1800 Uncommon trap: trap_request=0xffffff4d fr.pc=0x000001e587ac4120 relative=0x0000000000000180
Event: 0.326 Thread 0x000001e5f2da1800 Uncommon trap: reason=unstable_if action=reinterpret pc=0x000001e587ac4120 method=java.lang.String.hashCode()I @ 14 c2
Event: 0.326 Thread 0x000001e5f2da1800 DEOPT PACKING pc=0x000001e587ac4120 sp=0x0000004ee13fd390
Event: 0.326 Thread 0x000001e5f2da1800 DEOPT UNPACKING pc=0x000001e58004a1a9 sp=0x0000004ee13fd328 mode 2
Event: 1.770 Thread 0x000001e5f2da1800 Uncommon trap: trap_request=0xffffff4d fr.pc=0x000001e587af7860 relative=0x0000000000000520
Event: 1.770 Thread 0x000001e5f2da1800 Uncommon trap: reason=unstable_if action=reinterpret pc=0x000001e587af7860 method=java.lang.StringLatin1.replace([BCC)Ljava/lang/String; @ 19 c2
Event: 1.770 Thread 0x000001e5f2da1800 DEOPT PACKING pc=0x000001e587af7860 sp=0x0000004ee13fd760
Event: 1.770 Thread 0x000001e5f2da1800 DEOPT UNPACKING pc=0x000001e58004a1a9 sp=0x0000004ee13fd6d0 mode 2

Classes redefined (0 events):
No events

Internal exceptions (20 events):
Event: 0.632 Thread 0x000001e5f2da1800 Exception <a 'java/lang/ClassNotFoundException'{0x000000008aea0de8}: sun/awt/resources/spi/awtProvider> (0x000000008aea0de8) thrown at [./src/hotspot/share/classfile/systemDictionary.cpp, line 231]
Event: 0.749 Thread 0x000001e5f2da1800 Exception <a 'java/io/FileNotFoundException'{0x000000008ad1bf70}> (0x000000008ad1bf70) thrown at [./src/hotspot/share/prims/jni.cpp, line 616]
Event: 0.792 Thread 0x000001e5f2da1800 Exception <a 'java/lang/NoSuchMethodError'{0x000000008ad770e8}: 'java.lang.Object java.lang.invoke.DirectMethodHandle$Holder.invokeStatic(java.lang.Object, java.lang.Object, java.lang.Object, java.lang.Object, java.lang.Object, java.lang.Object, java.lang.Object, java.lang.Object, java.lang.Object, java.lang.Object, java.lang.Object, java.lang.Object, java.lang.Object, java.lang.Object, java.lang.Object)'> (0x000000008ad770e8) thrown at [./src/hotspot/share/interpreter/linkResolver.cpp, line 773]
Event: 0.798 Thread 0x000001e5f2da1800 Exception <a 'java/lang/NoSuchMethodError'{0x000000008ad84e58}: 'java.lang.Object java.lang.invoke.DirectMethodHandle$Holder.invokeStatic(java.lang.Object, java.lang.Object, java.lang.Object, java.lang.Object, java.lang.Object, java.lang.Object, java.lang.Object, java.lang.Object, java.lang.Object, java.lang.Object, java.lang.Object, java.lang.Object, java.lang.Object, java.lang.Object, java.lang.Object, java.lang.Object)'> (0x000000008ad84e58) thrown at [./src/hotspot/share/interpreter/linkResolver.cpp, l
Event: 0.805 Thread 0x000001e5f2da1800 Exception <a 'java/lang/NoSuchMethodError'{0x000000008ad92f78}: 'java.lang.Object java.lang.invoke.DirectMethodHandle$Holder.invokeSpecial(java.lang.Object, java.lang.Object, int, int, java.lang.Object, java.lang.Object, java.lang.Object)'> (0x000000008ad92f78) thrown at [./src/hotspot/share/interpreter/linkResolver.cpp, line 773]
Event: 0.806 Thread 0x000001e5f2da1800 Exception <a 'java/lang/NoSuchMethodError'{0x000000008ad96508}: 'java.lang.Object java.lang.invoke.DelegatingMethodHandle$Holder.reinvoke_L(java.lang.Object, int, int, java.lang.Object, java.lang.Object, java.lang.Object)'> (0x000000008ad96508) thrown at [./src/hotspot/share/interpreter/linkResolver.cpp, line 773]
Event: 0.810 Thread 0x000001e5f2da1800 Exception <a 'java/lang/NoSuchMethodError'{0x000000008ad9a5e8}: 'java.lang.Object java.lang.invoke.DirectMethodHandle$Holder.invokeStatic(java.lang.Object, java.lang.Object, java.lang.Object, java.lang.Object, int)'> (0x000000008ad9a5e8) thrown at [./src/hotspot/share/interpreter/linkResolver.cpp, line 773]
Event: 0.860 Thread 0x000001e5f2da1800 Exception <a 'java/io/FileNotFoundException'{0x000000008adfd058}> (0x000000008adfd058) thrown at [./src/hotspot/share/prims/jni.cpp, line 616]
Event: 1.355 Thread 0x000001e594291800 Exception <a 'java/lang/NoSuchMethodError'{0x000000008acdce28}: 'void java.lang.invoke.DirectMethodHandle$Holder.invokeSpecial(java.lang.Object, java.lang.Object)'> (0x000000008acdce28) thrown at [./src/hotspot/share/interpreter/linkResolver.cpp, line 773]
Event: 1.366 Thread 0x000001e5f2da1800 Exception <a 'java/lang/NoSuchMethodError'{0x000000008acc5170}: 'java.lang.Object java.lang.invoke.DirectMethodHandle$Holder.invokeStatic(java.lang.Object, java.lang.Object, java.lang.Object, java.lang.Object, java.lang.Object, java.lang.Object, java.lang.Object, java.lang.Object, int)'> (0x000000008acc5170) thrown at [./src/hotspot/share/interpreter/linkResolver.cpp, line 773]
Event: 1.372 Thread 0x000001e5f2da1800 Exception <a 'java/lang/NoSuchMethodError'{0x000000008ab07a38}: 'java.lang.Object java.lang.invoke.DirectMethodHandle$Holder.invokeStatic(java.lang.Object, java.lang.Object, java.lang.Object, java.lang.Object, java.lang.Object, java.lang.Object, java.lang.Object, java.lang.Object, int, int)'> (0x000000008ab07a38) thrown at [./src/hotspot/share/interpreter/linkResolver.cpp, line 773]
Event: 1.530 Thread 0x000001e5f2da1800 Exception <a 'java/lang/NoSuchMethodError'{0x000000008abed8b8}: 'java.lang.Object java.lang.invoke.DirectMethodHandle$Holder.invokeStatic(java.lang.Object, int, java.lang.Object, java.lang.Object, java.lang.Object, java.lang.Object)'> (0x000000008abed8b8) thrown at [./src/hotspot/share/interpreter/linkResolver.cpp, line 773]
Event: 1.531 Thread 0x000001e5f2da1800 Exception <a 'java/lang/NoSuchMethodError'{0x000000008abf4978}: 'java.lang.Object java.lang.invoke.DirectMethodHandle$Holder.invokeStatic(java.lang.Object, int, java.lang.Object, java.lang.Object, java.lang.Object)'> (0x000000008abf4978) thrown at [./src/hotspot/share/interpreter/linkResolver.cpp, line 773]
Event: 1.532 Thread 0x000001e5f2da1800 Exception <a 'java/lang/NoSuchMethodError'{0x000000008abf84c0}: 'java.lang.Object java.lang.invoke.DirectMethodHandle$Holder.invokeSpecial(java.lang.Object, java.lang.Object, int, java.lang.Object, java.lang.Object, java.lang.Object)'> (0x000000008abf84c0) thrown at [./src/hotspot/share/interpreter/linkResolver.cpp, line 773]
Event: 1.699 Thread 0x000001e5f2da1800 Exception <a 'java/lang/ClassNotFoundException'{0x000000008aabade8}: com/sun/swing/internal/plaf/metal/resources/spi/metalProvider> (0x000000008aabade8) thrown at [./src/hotspot/share/classfile/systemDictionary.cpp, line 231]
Event: 1.703 Thread 0x000001e5f2da1800 Exception <a 'java/lang/ClassNotFoundException'{0x000000008aabf938}: com/sun/swing/internal/plaf/basic/resources/spi/basicProvider> (0x000000008aabf938) thrown at [./src/hotspot/share/classfile/systemDictionary.cpp, line 231]
Event: 1.723 Thread 0x000001e5f2da1800 Exception <a 'java/lang/NoSuchMethodError'{0x000000008aafd038}: 'java.lang.Object java.lang.invoke.DirectMethodHandle$Holder.invokeStatic(java.lang.Object, java.lang.Object, java.lang.Object, java.lang.Object, java.lang.Object, java.lang.Object, java.lang.Object, java.lang.Object, java.lang.Object, java.lang.Object, java.lang.Object, int)'> (0x000000008aafd038) thrown at [./src/hotspot/share/interpreter/linkResolver.cpp, line 773]
Event: 1.733 Thread 0x000001e5f2da1800 Exception <a 'java/lang/NoSuchMethodError'{0x000000008a91b2f0}: 'java.lang.Object java.lang.invoke.DirectMethodHandle$Holder.invokeStatic(java.lang.Object, java.lang.Object, java.lang.Object, java.lang.Object, java.lang.Object, java.lang.Object, java.lang.Object, java.lang.Object, java.lang.Object, java.lang.Object, java.lang.Object, int, int)'> (0x000000008a91b2f0) thrown at [./src/hotspot/share/interpreter/linkResolver.cpp, line 773]
Event: 1.740 Thread 0x000001e5f2da1800 Exception <a 'java/lang/NoSuchMethodError'{0x000000008a93a080}: 'java.lang.Object java.lang.invoke.DirectMethodHandle$Holder.invokeStatic(java.lang.Object, java.lang.Object, java.lang.Object, java.lang.Object, java.lang.Object, java.lang.Object, java.lang.Object, java.lang.Object, java.lang.Object, java.lang.Object, java.lang.Object, int, int, java.lang.Object)'> (0x000000008a93a080) thrown at [./src/hotspot/share/interpreter/linkResolver.cpp, line 773]
Event: 1.745 Thread 0x000001e5f2da1800 Exception <a 'java/lang/NoSuchMethodError'{0x000000008a95a6f0}: 'java.lang.Object java.lang.invoke.DirectMethodHandle$Holder.invokeStatic(java.lang.Object, java.lang.Object, java.lang.Object, java.lang.Object, java.lang.Object, java.lang.Object, java.lang.Object, java.lang.Object, java.lang.Object, java.lang.Object, java.lang.Object, int, int, java.lang.Object, java.lang.Object)'> (0x000000008a95a6f0) thrown at [./src/hotspot/share/interpreter/linkResolver.cpp, line 773]

Events (20 events):
Event: 1.910 loading class sun/awt/Win32FontManager
Event: 1.911 loading class sun/awt/Win32FontManager done
Event: 1.911 loading class sun/awt/Win32FontManager$1
Event: 1.911 loading class sun/awt/Win32FontManager$1 done
Event: 1.912 loading class sun/font/CompositeFont
Event: 1.912 loading class sun/font/CompositeFont done
Event: 1.912 loading class sun/font/SunFontManager$2
Event: 1.913 loading class sun/font/SunFontManager$2 done
Event: 1.915 loading class sun/awt/windows/WFontConfiguration
Event: 1.915 loading class sun/awt/FontConfiguration
Event: 1.917 loading class sun/awt/FontConfiguration done
Event: 1.917 loading class sun/awt/windows/WFontConfiguration done
Event: 1.919 loading class sun/awt/FontDescriptor
Event: 1.920 loading class sun/awt/FontDescriptor done
Event: 1.937 loading class java/io/DataInputStream
Event: 1.938 loading class java/io/DataInput
Event: 1.938 loading class java/io/DataInput done
Event: 1.938 loading class java/io/DataInputStream done
Event: 1.942 loading class java/lang/Short$ShortCache
Event: 1.943 loading class java/lang/Short$ShortCache done


Dynamic libraries:
0x00007ff76b760000 - 0x00007ff76b76d000 	C:\Program Files\Eclipse Adoptium\jdk-11.0.13.8-hotspot\bin\java.exe
0x00007ffe5b8d0000 - 0x00007ffe5bac7000 	C:\Windows\SYSTEM32\ntdll.dll
0x00007ffe54e10000 - 0x00007ffe54e26000 	C:\Program Files\Avast Software\Avast\aswhook.dll
0x00007ffe5a130000 - 0x00007ffe5a1ed000 	C:\Windows\System32\KERNEL32.DLL
0x00007ffe590c0000 - 0x00007ffe5938d000 	C:\Windows\System32\KERNELBASE.dll
0x00007ffe59390000 - 0x00007ffe59490000 	C:\Windows\System32\ucrtbase.dll
0x00007ffe52500000 - 0x00007ffe52517000 	C:\Program Files\Eclipse Adoptium\jdk-11.0.13.8-hotspot\bin\jli.dll
0x00007ffe5b170000 - 0x00007ffe5b310000 	C:\Windows\System32\USER32.dll
0x00007ffe59840000 - 0x00007ffe59862000 	C:\Windows\System32\win32u.dll
0x00007ffe5abf0000 - 0x00007ffe5ac1a000 	C:\Windows\System32\GDI32.dll
0x00007ffe59490000 - 0x00007ffe5959b000 	C:\Windows\System32\gdi32full.dll
0x00007ffe58ff0000 - 0x00007ffe5908d000 	C:\Windows\System32\msvcp_win.dll
0x00007ffe514d0000 - 0x00007ffe514e5000 	C:\Program Files\Eclipse Adoptium\jdk-11.0.13.8-hotspot\bin\VCRUNTIME140.dll
0x00007ffe4f5e0000 - 0x00007ffe4f87a000 	C:\Windows\WinSxS\amd64_microsoft.windows.common-controls_6595b64144ccf1df_6.0.19041.1110_none_60b5254171f9507e\COMCTL32.dll
0x00007ffe5aa70000 - 0x00007ffe5ab0e000 	C:\Windows\System32\msvcrt.dll
0x00007ffe5acc0000 - 0x00007ffe5acf0000 	C:\Windows\System32\IMM32.DLL
0x00007ffe37190000 - 0x00007ffe3722b000 	C:\Program Files\Eclipse Adoptium\jdk-11.0.13.8-hotspot\bin\msvcp140.dll
0x00007ffdd54c0000 - 0x00007ffdd603e000 	C:\Program Files\Eclipse Adoptium\jdk-11.0.13.8-hotspot\bin\server\jvm.dll
0x00007ffe59fd0000 - 0x00007ffe5a07e000 	C:\Windows\System32\ADVAPI32.dll
0x00007ffe59e00000 - 0x00007ffe59e9c000 	C:\Windows\System32\sechost.dll
0x00007ffe5a940000 - 0x00007ffe5aa65000 	C:\Windows\System32\RPCRT4.dll
0x00007ffe5b310000 - 0x00007ffe5b318000 	C:\Windows\System32\PSAPI.DLL
0x00007ffe411b0000 - 0x00007ffe411b9000 	C:\Windows\SYSTEM32\WSOCK32.dll
0x00007ffe59b10000 - 0x00007ffe59b7b000 	C:\Windows\System32\WS2_32.dll
0x00007ffe50dc0000 - 0x00007ffe50de7000 	C:\Windows\SYSTEM32\WINMM.dll
0x00007ffe4e260000 - 0x00007ffe4e26a000 	C:\Windows\SYSTEM32\VERSION.dll
0x00007ffe56eb0000 - 0x00007ffe56ec2000 	C:\Windows\SYSTEM32\kernel.appcore.dll
0x00007ffe51280000 - 0x00007ffe51290000 	C:\Program Files\Eclipse Adoptium\jdk-11.0.13.8-hotspot\bin\verify.dll
0x00007ffe538c0000 - 0x00007ffe53aa4000 	C:\Windows\SYSTEM32\DBGHELP.DLL
0x00007ffe53380000 - 0x00007ffe533ac000 	C:\Windows\SYSTEM32\dbgcore.DLL
0x00007ffe595a0000 - 0x00007ffe59622000 	C:\Windows\System32\bcryptPrimitives.dll
0x00007ffe3f280000 - 0x00007ffe3f2a8000 	C:\Program Files\Eclipse Adoptium\jdk-11.0.13.8-hotspot\bin\java.dll
0x00007ffe51270000 - 0x00007ffe5127a000 	C:\Program Files\Eclipse Adoptium\jdk-11.0.13.8-hotspot\bin\jimage.dll
0x00007ffe50c00000 - 0x00007ffe50c17000 	C:\Program Files\Eclipse Adoptium\jdk-11.0.13.8-hotspot\bin\zip.dll
0x00007ffe5a1f0000 - 0x00007ffe5a934000 	C:\Windows\System32\SHELL32.dll
0x00007ffe570b0000 - 0x00007ffe57844000 	C:\Windows\SYSTEM32\windows.storage.dll
0x00007ffe5b530000 - 0x00007ffe5b884000 	C:\Windows\System32\combase.dll
0x00007ffe588a0000 - 0x00007ffe588cc000 	C:\Windows\SYSTEM32\Wldp.dll
0x00007ffe59930000 - 0x00007ffe599dd000 	C:\Windows\System32\SHCORE.dll
0x00007ffe599e0000 - 0x00007ffe59a35000 	C:\Windows\System32\shlwapi.dll
0x00007ffe58f30000 - 0x00007ffe58f4f000 	C:\Windows\SYSTEM32\profapi.dll
0x00007ffe1c2a0000 - 0x00007ffe1c43a000 	C:\Program Files\Eclipse Adoptium\jdk-11.0.13.8-hotspot\bin\awt.dll
0x00007ffe59a40000 - 0x00007ffe59b0d000 	C:\Windows\System32\OLEAUT32.dll
0x00007ffe56900000 - 0x00007ffe56990000 	C:\Windows\SYSTEM32\apphelp.dll
0x00007ffe569d0000 - 0x00007ffe56a6e000 	C:\Windows\system32\uxtheme.dll
0x00007ffe59c80000 - 0x00007ffe59d95000 	C:\Windows\System32\MSCTF.dll
0x00007ffe59ea0000 - 0x00007ffe59fca000 	C:\Windows\System32\ole32.dll
0x00007ffe56cd0000 - 0x00007ffe56cff000 	C:\Windows\system32\DWMAPI.DLL
0x00007ffe39090000 - 0x00007ffe39116000 	C:\Program Files\Eclipse Adoptium\jdk-11.0.13.8-hotspot\bin\freetype.dll
0x00007ffe38500000 - 0x00007ffe385a6000 	C:\Program Files\Eclipse Adoptium\jdk-11.0.13.8-hotspot\bin\fontmanager.dll
0x00007ffe549d0000 - 0x00007ffe549e9000 	C:\Program Files\Eclipse Adoptium\jdk-11.0.13.8-hotspot\bin\net.dll
0x00007ffe4f880000 - 0x00007ffe4f98a000 	C:\Windows\SYSTEM32\WINHTTP.dll
0x00007ffe58680000 - 0x00007ffe586ea000 	C:\Windows\system32\mswsock.dll
0x00007ffe3fd40000 - 0x00007ffe3fd52000 	C:\Program Files\Eclipse Adoptium\jdk-11.0.13.8-hotspot\bin\nio.dll

dbghelp: loaded successfully - version: 4.0.5 - missing functions: none
symbol engine: initialized successfully - sym options: 0x614 - pdb path: .;C:\Program Files\Eclipse Adoptium\jdk-11.0.13.8-hotspot\bin;C:\Windows\SYSTEM32;C:\Program Files\Avast Software\Avast;C:\Windows\WinSxS\amd64_microsoft.windows.common-controls_6595b64144ccf1df_6.0.19041.1110_none_60b5254171f9507e;C:\Program Files\Eclipse Adoptium\jdk-11.0.13.8-hotspot\bin\server

VM Arguments:
java_command: com.misiontic.primernombre_primerapellido.clases.Ejecucion
java_class_path (initial): C:\Users\USUARIO\Documents\MisionTic\Misiontic ciclo 2\proyectos\primernombre_primerapellido\target\classes
Launcher Type: SUN_STANDARD

[Global flags]
     intx CICompilerCount                          = 3                                         {product} {ergonomic}
     uint ConcGCThreads                            = 1                                         {product} {ergonomic}
     uint G1ConcRefinementThreads                  = 4                                         {product} {ergonomic}
   size_t G1HeapRegionSize                         = 1048576                                   {product} {ergonomic}
    uintx GCDrainStackTargetSize                   = 64                                        {product} {ergonomic}
   size_t InitialHeapSize                          = 132120576                                 {product} {ergonomic}
   size_t MarkStackSize                            = 4194304                                   {product} {ergonomic}
   size_t MaxHeapSize                              = 2095054848                                {product} {ergonomic}
   size_t MaxNewSize                               = 1256194048                                {product} {ergonomic}
   size_t MinHeapDeltaBytes                        = 1048576                                   {product} {ergonomic}
    uintx NonNMethodCodeHeapSize                   = 5830732                                {pd product} {ergonomic}
    uintx NonProfiledCodeHeapSize                  = 122913754                              {pd product} {ergonomic}
    uintx ProfiledCodeHeapSize                     = 122913754                              {pd product} {ergonomic}
    uintx ReservedCodeCacheSize                    = 251658240                              {pd product} {ergonomic}
     bool SegmentedCodeCache                       = true                                      {product} {ergonomic}
     bool UseCompressedClassPointers               = true                                 {lp64_product} {ergonomic}
     bool UseCompressedOops                        = true                                 {lp64_product} {ergonomic}
     bool UseG1GC                                  = true                                      {product} {ergonomic}
     bool UseLargePagesIndividualAllocation        = false                                  {pd product} {ergonomic}

Logging:
Log output configuration:
 #0: stdout all=warning uptime,level,tags
 #1: stderr all=off uptime,level,tags

Environment Variables:
JAVA_HOME=C:\Program Files\Eclipse Adoptium\jdk-11.0.13.8-hotspot
PATH=C:\Program Files (x86)\Common Files\Oracle\Java\javapath;c:\Program Files\Eclipse Adoptium\jdk-11.0.13.8-hotspot\bin;C:\Python310\Scripts\;C:\Python310\;C:\Windows\system32;C:\Windows;C:\Windows\System32\Wbem;C:\Windows\System32\WindowsPowerShell\v1.0\;C:\Windows\System32\OpenSSH\;C:\Program Files\Microsoft SQL Server\150\Tools\Binn\;C:\Program Files\Microsoft SQL Server\Client SDK\ODBC\170\Tools\Binn\;C:\Program Files\dotnet\;C:\Program Files\Git\cmd;C:\Program Files\nodejs\;C:\ProgramData\chocolatey\bin;C:\Program Files\Azure Data Studio\bin;C:\Program Files (x86)\Microsoft SQL Server\150\Tools\Binn\;C:\Program Files\Microsoft SQL Server\150\DTS\Binn\;C:\Program Files (x86)\Microsoft SQL Server\150\DTS\Binn\;C:\Users\USUARIO\AppData\Local\Microsoft\WindowsApps;C:\Users\USUARIO\AppData\Local\Programs\Microsoft VS Code\bin;C:\Users\USUARIO\.dotnet\tools;C:\Users\USUARIO\AppData\Roaming\npm;C:\gradle\gradle-7.3.3\bin;C:\Program Files\Azure Data Studio\bin;C:\Program Files\Eclipse Adoptium\jdk-11.0.13.8-hotspot\;;C:\Program Files\JetBrains\IntelliJ IDEA Community Edition 2021.3.2\bin;;C:\Program Files\heroku\bin
USERNAME=USUARIO
OS=Windows_NT
PROCESSOR_IDENTIFIER=Intel64 Family 6 Model 37 Stepping 5, GenuineIntel



---------------  S Y S T E M  ---------------

OS: Windows 10 , 64 bit Build 19041 (10.0.19041.1741)
OS uptime: 9 days 15:21 hours
Hyper-V role detected

CPU:total 4 (initial active 4) (2 cores per cpu, 2 threads per core) family 6 model 37 stepping 5 microcode 0x7, cmov, cx8, fxsr, mmx, sse, sse2, sse3, ssse3, sse4.1, sse4.2, popcnt, ht, tsc, tscinvbit

Memory: 4k page, system-wide physical 7989M (645M free)
TotalPageFile size 32565M (AvailPageFile size 13M)
current process WorkingSet (physical memory assigned to process): 63M, peak: 63M
current process commit charge ("private bytes"): 214M, peak: 214M

vm_info: OpenJDK 64-Bit Server VM (11.0.13+8) for windows-amd64 JRE (11.0.13+8), built on Oct 19 2021 17:05:59 by "" with unknown MS VC++:1916

END.
